CRITICAL - 2021-07-29 02:18:12 --> Could not move file {0} to {1} ({2})
#0 /Applications/XAMPP/xamppfiles/htdocs/kupangan/vendor/codeigniter4/framework/system/HTTP/Files/UploadedFile.php(157): CodeIgniter\HTTP\Exceptions\HTTPException::forMoveFailed('phpySDQ0t', '/Applications/X...', 'Directive 'trac...')
#1 /Applications/XAMPP/xamppfiles/htdocs/kupangan/app/Controllers/Admin/Konfigurasi.php(153): CodeIgniter\HTTP\Files\UploadedFile->move('/Applications/X...', 'shutterstock_12...')
#2 /Applications/XAMPP/xamppfiles/htdocs/kupangan/vendor/codeigniter4/framework/system/CodeIgniter.php(872): App\Controllers\Admin\Konfigurasi->icon()
#3 /Applications/XAMPP/xamppfiles/htdocs/kupangan/vendor/codeigniter4/framework/system/CodeIgniter.php(415): CodeIgniter\CodeIgniter->runController(Object(App\Controllers\Admin\Konfigurasi))
#4 /Applications/XAMPP/xamppfiles/htdocs/kupangan/vendor/codeigniter4/framework/system/CodeIgniter.php(325): CodeIgniter\CodeIgniter->handleRequest(NULL, Object(Config\Cache), false)
#5 /Applications/XAMPP/xamppfiles/htdocs/kupangan/index.php(37): CodeIgniter\CodeIgniter->run()
#6 {main}
CRITICAL - 2021-07-29 02:19:41 --> Could not move file {0} to {1} ({2})
#0 /Applications/XAMPP/xamppfiles/htdocs/kupangan/vendor/codeigniter4/framework/system/HTTP/Files/UploadedFile.php(157): CodeIgniter\HTTP\Exceptions\HTTPException::forMoveFailed('phpfZqblx', '/Applications/X...', '')
#1 /Applications/XAMPP/xamppfiles/htdocs/kupangan/app/Controllers/Admin/Konfigurasi.php(153): CodeIgniter\HTTP\Files\UploadedFile->move('/Applications/X...', 'shutterstock_12...')
#2 /Applications/XAMPP/xamppfiles/htdocs/kupangan/vendor/codeigniter4/framework/system/CodeIgniter.php(872): App\Controllers\Admin\Konfigurasi->icon()
#3 /Applications/XAMPP/xamppfiles/htdocs/kupangan/vendor/codeigniter4/framework/system/CodeIgniter.php(415): CodeIgniter\CodeIgniter->runController(Object(App\Controllers\Admin\Konfigurasi))
#4 /Applications/XAMPP/xamppfiles/htdocs/kupangan/vendor/codeigniter4/framework/system/CodeIgniter.php(325): CodeIgniter\CodeIgniter->handleRequest(NULL, Object(Config\Cache), false)
#5 /Applications/XAMPP/xamppfiles/htdocs/kupangan/index.php(37): CodeIgniter\CodeIgniter->run()
#6 {main}
CRITICAL - 2021-07-29 02:27:11 --> Could not move file {0} to {1} ({2})
#0 /Applications/XAMPP/xamppfiles/htdocs/kupangan/vendor/codeigniter4/framework/system/HTTP/Files/UploadedFile.php(157): CodeIgniter\HTTP\Exceptions\HTTPException::forMoveFailed('phpUGcLnz', '/Applications/X...', '')
#1 /Applications/XAMPP/xamppfiles/htdocs/kupangan/app/Controllers/Admin/Konfigurasi.php(153): CodeIgniter\HTTP\Files\UploadedFile->move('/Applications/X...', 'logo_mitra.png')
#2 /Applications/XAMPP/xamppfiles/htdocs/kupangan/vendor/codeigniter4/framework/system/CodeIgniter.php(872): App\Controllers\Admin\Konfigurasi->icon()
#3 /Applications/XAMPP/xamppfiles/htdocs/kupangan/vendor/codeigniter4/framework/system/CodeIgniter.php(415): CodeIgniter\CodeIgniter->runController(Object(App\Controllers\Admin\Konfigurasi))
#4 /Applications/XAMPP/xamppfiles/htdocs/kupangan/vendor/codeigniter4/framework/system/CodeIgniter.php(325): CodeIgniter\CodeIgniter->handleRequest(NULL, Object(Config\Cache), false)
#5 /Applications/XAMPP/xamppfiles/htdocs/kupangan/index.php(37): CodeIgniter\CodeIgniter->run()
#6 {main}
CRITICAL - 2021-07-29 02:28:44 --> Could not move file {0} to {1} ({2})
#0 /Applications/XAMPP/xamppfiles/htdocs/kupangan/vendor/codeigniter4/framework/system/HTTP/Files/UploadedFile.php(157): CodeIgniter\HTTP\Exceptions\HTTPException::forMoveFailed('php407ceK', '/Applications/X...', '')
#1 /Applications/XAMPP/xamppfiles/htdocs/kupangan/app/Controllers/Admin/Konfigurasi.php(153): CodeIgniter\HTTP\Files\UploadedFile->move('/Applications/X...', 'logo_mitra.png')
#2 /Applications/XAMPP/xamppfiles/htdocs/kupangan/vendor/codeigniter4/framework/system/CodeIgniter.php(872): App\Controllers\Admin\Konfigurasi->icon()
#3 /Applications/XAMPP/xamppfiles/htdocs/kupangan/vendor/codeigniter4/framework/system/CodeIgniter.php(415): CodeIgniter\CodeIgniter->runController(Object(App\Controllers\Admin\Konfigurasi))
#4 /Applications/XAMPP/xamppfiles/htdocs/kupangan/vendor/codeigniter4/framework/system/CodeIgniter.php(325): CodeIgniter\CodeIgniter->handleRequest(NULL, Object(Config\Cache), false)
#5 /Applications/XAMPP/xamppfiles/htdocs/kupangan/index.php(37): CodeIgniter\CodeIgniter->run()
#6 {main}
CRITICAL - 2021-07-29 02:28:44 --> Could not move file {0} to {1} ({2})
#0 /Applications/XAMPP/xamppfiles/htdocs/kupangan/vendor/codeigniter4/framework/system/HTTP/Files/UploadedFile.php(157): CodeIgniter\HTTP\Exceptions\HTTPException::forMoveFailed('phpUReMW6', '/Applications/X...', '')
#1 /Applications/XAMPP/xamppfiles/htdocs/kupangan/app/Controllers/Admin/Konfigurasi.php(153): CodeIgniter\HTTP\Files\UploadedFile->move('/Applications/X...', 'logo_mitra.png')
#2 /Applications/XAMPP/xamppfiles/htdocs/kupangan/vendor/codeigniter4/framework/system/CodeIgniter.php(872): App\Controllers\Admin\Konfigurasi->icon()
#3 /Applications/XAMPP/xamppfiles/htdocs/kupangan/vendor/codeigniter4/framework/system/CodeIgniter.php(415): CodeIgniter\CodeIgniter->runController(Object(App\Controllers\Admin\Konfigurasi))
#4 /Applications/XAMPP/xamppfiles/htdocs/kupangan/vendor/codeigniter4/framework/system/CodeIgniter.php(325): CodeIgniter\CodeIgniter->handleRequest(NULL, Object(Config\Cache), false)
#5 /Applications/XAMPP/xamppfiles/htdocs/kupangan/index.php(37): CodeIgniter\CodeIgniter->run()
#6 {main}
CRITICAL - 2021-07-29 02:28:45 --> Could not move file {0} to {1} ({2})
#0 /Applications/XAMPP/xamppfiles/htdocs/kupangan/vendor/codeigniter4/framework/system/HTTP/Files/UploadedFile.php(157): CodeIgniter\HTTP\Exceptions\HTTPException::forMoveFailed('phpmgKooc', '/Applications/X...', '')
#1 /Applications/XAMPP/xamppfiles/htdocs/kupangan/app/Controllers/Admin/Konfigurasi.php(153): CodeIgniter\HTTP\Files\UploadedFile->move('/Applications/X...', 'logo_mitra.png')
#2 /Applications/XAMPP/xamppfiles/htdocs/kupangan/vendor/codeigniter4/framework/system/CodeIgniter.php(872): App\Controllers\Admin\Konfigurasi->icon()
#3 /Applications/XAMPP/xamppfiles/htdocs/kupangan/vendor/codeigniter4/framework/system/CodeIgniter.php(415): CodeIgniter\CodeIgniter->runController(Object(App\Controllers\Admin\Konfigurasi))
#4 /Applications/XAMPP/xamppfiles/htdocs/kupangan/vendor/codeigniter4/framework/system/CodeIgniter.php(325): CodeIgniter\CodeIgniter->handleRequest(NULL, Object(Config\Cache), false)
#5 /Applications/XAMPP/xamppfiles/htdocs/kupangan/index.php(37): CodeIgniter\CodeIgniter->run()
#6 {main}
CRITICAL - 2021-07-29 02:28:45 --> Could not move file {0} to {1} ({2})
#0 /Applications/XAMPP/xamppfiles/htdocs/kupangan/vendor/codeigniter4/framework/system/HTTP/Files/UploadedFile.php(157): CodeIgniter\HTTP\Exceptions\HTTPException::forMoveFailed('phpOW0IqT', '/Applications/X...', '')
#1 /Applications/XAMPP/xamppfiles/htdocs/kupangan/app/Controllers/Admin/Konfigurasi.php(153): CodeIgniter\HTTP\Files\UploadedFile->move('/Applications/X...', 'logo_mitra.png')
#2 /Applications/XAMPP/xamppfiles/htdocs/kupangan/vendor/codeigniter4/framework/system/CodeIgniter.php(872): App\Controllers\Admin\Konfigurasi->icon()
#3 /Applications/XAMPP/xamppfiles/htdocs/kupangan/vendor/codeigniter4/framework/system/CodeIgniter.php(415): CodeIgniter\CodeIgniter->runController(Object(App\Controllers\Admin\Konfigurasi))
#4 /Applications/XAMPP/xamppfiles/htdocs/kupangan/vendor/codeigniter4/framework/system/CodeIgniter.php(325): CodeIgniter\CodeIgniter->handleRequest(NULL, Object(Config\Cache), false)
#5 /Applications/XAMPP/xamppfiles/htdocs/kupangan/index.php(37): CodeIgniter\CodeIgniter->run()
#6 {main}
CRITICAL - 2021-07-29 02:28:45 --> Could not move file {0} to {1} ({2})
#0 /Applications/XAMPP/xamppfiles/htdocs/kupangan/vendor/codeigniter4/framework/system/HTTP/Files/UploadedFile.php(157): CodeIgniter\HTTP\Exceptions\HTTPException::forMoveFailed('phphs1sMB', '/Applications/X...', '')
#1 /Applications/XAMPP/xamppfiles/htdocs/kupangan/app/Controllers/Admin/Konfigurasi.php(153): CodeIgniter\HTTP\Files\UploadedFile->move('/Applications/X...', 'logo_mitra.png')
#2 /Applications/XAMPP/xamppfiles/htdocs/kupangan/vendor/codeigniter4/framework/system/CodeIgniter.php(872): App\Controllers\Admin\Konfigurasi->icon()
#3 /Applications/XAMPP/xamppfiles/htdocs/kupangan/vendor/codeigniter4/framework/system/CodeIgniter.php(415): CodeIgniter\CodeIgniter->runController(Object(App\Controllers\Admin\Konfigurasi))
#4 /Applications/XAMPP/xamppfiles/htdocs/kupangan/vendor/codeigniter4/framework/system/CodeIgniter.php(325): CodeIgniter\CodeIgniter->handleRequest(NULL, Object(Config\Cache), false)
#5 /Applications/XAMPP/xamppfiles/htdocs/kupangan/index.php(37): CodeIgniter\CodeIgniter->run()
#6 {main}
CRITICAL - 2021-07-29 02:28:45 --> Could not move file {0} to {1} ({2})
#0 /Applications/XAMPP/xamppfiles/htdocs/kupangan/vendor/codeigniter4/framework/system/HTTP/Files/UploadedFile.php(157): CodeIgniter\HTTP\Exceptions\HTTPException::forMoveFailed('phppdLgmz', '/Applications/X...', '')
#1 /Applications/XAMPP/xamppfiles/htdocs/kupangan/app/Controllers/Admin/Konfigurasi.php(153): CodeIgniter\HTTP\Files\UploadedFile->move('/Applications/X...', 'logo_mitra.png')
#2 /Applications/XAMPP/xamppfiles/htdocs/kupangan/vendor/codeigniter4/framework/system/CodeIgniter.php(872): App\Controllers\Admin\Konfigurasi->icon()
#3 /Applications/XAMPP/xamppfiles/htdocs/kupangan/vendor/codeigniter4/framework/system/CodeIgniter.php(415): CodeIgniter\CodeIgniter->runController(Object(App\Controllers\Admin\Konfigurasi))
#4 /Applications/XAMPP/xamppfiles/htdocs/kupangan/vendor/codeigniter4/framework/system/CodeIgniter.php(325): CodeIgniter\CodeIgniter->handleRequest(NULL, Object(Config\Cache), false)
#5 /Applications/XAMPP/xamppfiles/htdocs/kupangan/index.php(37): CodeIgniter\CodeIgniter->run()
#6 {main}
