CRITICAL - 2021-08-14 02:33:03 --> syntax error, unexpected '?>', expecting ')'
#0 /Applications/XAMPP/xamppfiles/htdocs/logbook/vendor/codeigniter4/framework/system/View/View.php(232): CodeIgniter\View\View->CodeIgniter\View\{closure}()
#1 /Applications/XAMPP/xamppfiles/htdocs/logbook/vendor/codeigniter4/framework/system/Common.php(1271): CodeIgniter\View\View->render('admin/user/inde...', Array, true)
#2 /Applications/XAMPP/xamppfiles/htdocs/logbook/app/Views/admin/layout/content.php(4): view('admin/user/inde...')
#3 /Applications/XAMPP/xamppfiles/htdocs/logbook/app/Views/admin/layout/wrapper.php(11): require_once('/Applications/X...')
#4 /Applications/XAMPP/xamppfiles/htdocs/logbook/vendor/codeigniter4/framework/system/View/View.php(230): include('/Applications/X...')
#5 /Applications/XAMPP/xamppfiles/htdocs/logbook/vendor/codeigniter4/framework/system/View/View.php(232): CodeIgniter\View\View->CodeIgniter\View\{closure}()
#6 /Applications/XAMPP/xamppfiles/htdocs/logbook/vendor/codeigniter4/framework/system/Common.php(1271): CodeIgniter\View\View->render('admin/layout/wr...', Array, true)
#7 /Applications/XAMPP/xamppfiles/htdocs/logbook/app/Controllers/Admin/User.php(41): view('admin/layout/wr...', Array)
#8 /Applications/XAMPP/xamppfiles/htdocs/logbook/vendor/codeigniter4/framework/system/CodeIgniter.php(872): App\Controllers\Admin\User->index()
#9 /Applications/XAMPP/xamppfiles/htdocs/logbook/vendor/codeigniter4/framework/system/CodeIgniter.php(415): CodeIgniter\CodeIgniter->runController(Object(App\Controllers\Admin\User))
#10 /Applications/XAMPP/xamppfiles/htdocs/logbook/vendor/codeigniter4/framework/system/CodeIgniter.php(325): CodeIgniter\CodeIgniter->handleRequest(NULL, Object(Config\Cache), false)
#11 /Applications/XAMPP/xamppfiles/htdocs/logbook/index.php(37): CodeIgniter\CodeIgniter->run()
#12 {main}
CRITICAL - 2021-08-14 02:33:35 --> syntax error, unexpected '?>', expecting ')'
#0 /Applications/XAMPP/xamppfiles/htdocs/logbook/vendor/codeigniter4/framework/system/View/View.php(232): CodeIgniter\View\View->CodeIgniter\View\{closure}()
#1 /Applications/XAMPP/xamppfiles/htdocs/logbook/vendor/codeigniter4/framework/system/Common.php(1271): CodeIgniter\View\View->render('admin/user/inde...', Array, true)
#2 /Applications/XAMPP/xamppfiles/htdocs/logbook/app/Views/admin/layout/content.php(4): view('admin/user/inde...')
#3 /Applications/XAMPP/xamppfiles/htdocs/logbook/app/Views/admin/layout/wrapper.php(11): require_once('/Applications/X...')
#4 /Applications/XAMPP/xamppfiles/htdocs/logbook/vendor/codeigniter4/framework/system/View/View.php(230): include('/Applications/X...')
#5 /Applications/XAMPP/xamppfiles/htdocs/logbook/vendor/codeigniter4/framework/system/View/View.php(232): CodeIgniter\View\View->CodeIgniter\View\{closure}()
#6 /Applications/XAMPP/xamppfiles/htdocs/logbook/vendor/codeigniter4/framework/system/Common.php(1271): CodeIgniter\View\View->render('admin/layout/wr...', Array, true)
#7 /Applications/XAMPP/xamppfiles/htdocs/logbook/app/Controllers/Admin/User.php(41): view('admin/layout/wr...', Array)
#8 /Applications/XAMPP/xamppfiles/htdocs/logbook/vendor/codeigniter4/framework/system/CodeIgniter.php(872): App\Controllers\Admin\User->index()
#9 /Applications/XAMPP/xamppfiles/htdocs/logbook/vendor/codeigniter4/framework/system/CodeIgniter.php(415): CodeIgniter\CodeIgniter->runController(Object(App\Controllers\Admin\User))
#10 /Applications/XAMPP/xamppfiles/htdocs/logbook/vendor/codeigniter4/framework/system/CodeIgniter.php(325): CodeIgniter\CodeIgniter->handleRequest(NULL, Object(Config\Cache), false)
#11 /Applications/XAMPP/xamppfiles/htdocs/logbook/index.php(37): CodeIgniter\CodeIgniter->run()
#12 {main}
CRITICAL - 2021-08-14 02:40:55 --> Too few arguments to function App\Controllers\Admin\User::activation(), 0 passed in /Applications/XAMPP/xamppfiles/htdocs/logbook/vendor/codeigniter4/framework/system/CodeIgniter.php on line 872 and exactly 1 expected
#0 /Applications/XAMPP/xamppfiles/htdocs/logbook/vendor/codeigniter4/framework/system/CodeIgniter.php(872): App\Controllers\Admin\User->activation()
#1 /Applications/XAMPP/xamppfiles/htdocs/logbook/vendor/codeigniter4/framework/system/CodeIgniter.php(415): CodeIgniter\CodeIgniter->runController(Object(App\Controllers\Admin\User))
#2 /Applications/XAMPP/xamppfiles/htdocs/logbook/vendor/codeigniter4/framework/system/CodeIgniter.php(325): CodeIgniter\CodeIgniter->handleRequest(NULL, Object(Config\Cache), false)
#3 /Applications/XAMPP/xamppfiles/htdocs/logbook/index.php(37): CodeIgniter\CodeIgniter->run()
#4 {main}
CRITICAL - 2021-08-14 02:41:17 --> Too few arguments to function App\Controllers\Admin\User::activation(), 0 passed in /Applications/XAMPP/xamppfiles/htdocs/logbook/vendor/codeigniter4/framework/system/CodeIgniter.php on line 872 and exactly 1 expected
#0 /Applications/XAMPP/xamppfiles/htdocs/logbook/vendor/codeigniter4/framework/system/CodeIgniter.php(872): App\Controllers\Admin\User->activation()
#1 /Applications/XAMPP/xamppfiles/htdocs/logbook/vendor/codeigniter4/framework/system/CodeIgniter.php(415): CodeIgniter\CodeIgniter->runController(Object(App\Controllers\Admin\User))
#2 /Applications/XAMPP/xamppfiles/htdocs/logbook/vendor/codeigniter4/framework/system/CodeIgniter.php(325): CodeIgniter\CodeIgniter->handleRequest(NULL, Object(Config\Cache), false)
#3 /Applications/XAMPP/xamppfiles/htdocs/logbook/index.php(37): CodeIgniter\CodeIgniter->run()
#4 {main}
