CRITICAL - 2021-08-16 07:06:42 --> Undefined variable: m_group_logbook
#0 /Applications/XAMPP/xamppfiles/htdocs/logbook/app/Controllers/Admin/Calendar_event.php(17): CodeIgniter\Debug\Exceptions->errorHandler(8, 'Undefined varia...', '/Applications/X...', 17, Array)
#1 /Applications/XAMPP/xamppfiles/htdocs/logbook/vendor/codeigniter4/framework/system/CodeIgniter.php(872): App\Controllers\Admin\Calendar_event->index()
#2 /Applications/XAMPP/xamppfiles/htdocs/logbook/vendor/codeigniter4/framework/system/CodeIgniter.php(415): CodeIgniter\CodeIgniter->runController(Object(App\Controllers\Admin\Calendar_event))
#3 /Applications/XAMPP/xamppfiles/htdocs/logbook/vendor/codeigniter4/framework/system/CodeIgniter.php(325): CodeIgniter\CodeIgniter->handleRequest(NULL, Object(Config\Cache), false)
#4 /Applications/XAMPP/xamppfiles/htdocs/logbook/index.php(37): CodeIgniter\CodeIgniter->run()
#5 {main}
CRITICAL - 2021-08-16 07:16:51 --> Undefined variable: group_logbook
#0 /Applications/XAMPP/xamppfiles/htdocs/logbook/app/Views/admin/calender_event/index.php(73): CodeIgniter\Debug\Exceptions->errorHandler(8, 'Undefined varia...', '/Applications/X...', 73, Array)
#1 /Applications/XAMPP/xamppfiles/htdocs/logbook/vendor/codeigniter4/framework/system/View/View.php(230): include('/Applications/X...')
#2 /Applications/XAMPP/xamppfiles/htdocs/logbook/vendor/codeigniter4/framework/system/View/View.php(232): CodeIgniter\View\View->CodeIgniter\View\{closure}()
#3 /Applications/XAMPP/xamppfiles/htdocs/logbook/vendor/codeigniter4/framework/system/Common.php(1271): CodeIgniter\View\View->render('admin/calender_...', Array, true)
#4 /Applications/XAMPP/xamppfiles/htdocs/logbook/app/Views/admin/layout/content.php(4): view('admin/calender_...')
#5 /Applications/XAMPP/xamppfiles/htdocs/logbook/app/Views/admin/layout/wrapper.php(11): require_once('/Applications/X...')
#6 /Applications/XAMPP/xamppfiles/htdocs/logbook/vendor/codeigniter4/framework/system/View/View.php(230): include('/Applications/X...')
#7 /Applications/XAMPP/xamppfiles/htdocs/logbook/vendor/codeigniter4/framework/system/View/View.php(232): CodeIgniter\View\View->CodeIgniter\View\{closure}()
#8 /Applications/XAMPP/xamppfiles/htdocs/logbook/vendor/codeigniter4/framework/system/Common.php(1271): CodeIgniter\View\View->render('admin/layout/wr...', Array, true)
#9 /Applications/XAMPP/xamppfiles/htdocs/logbook/app/Controllers/Admin/Calendar_event.php(43): view('admin/layout/wr...', Array)
#10 /Applications/XAMPP/xamppfiles/htdocs/logbook/vendor/codeigniter4/framework/system/CodeIgniter.php(872): App\Controllers\Admin\Calendar_event->index()
#11 /Applications/XAMPP/xamppfiles/htdocs/logbook/vendor/codeigniter4/framework/system/CodeIgniter.php(415): CodeIgniter\CodeIgniter->runController(Object(App\Controllers\Admin\Calendar_event))
#12 /Applications/XAMPP/xamppfiles/htdocs/logbook/vendor/codeigniter4/framework/system/CodeIgniter.php(325): CodeIgniter\CodeIgniter->handleRequest(NULL, Object(Config\Cache), false)
#13 /Applications/XAMPP/xamppfiles/htdocs/logbook/index.php(37): CodeIgniter\CodeIgniter->run()
#14 {main}
CRITICAL - 2021-08-16 21:55:35 --> Undefined variable: group_logbook
#0 /Applications/XAMPP/xamppfiles/htdocs/logbook/app/Views/admin/calender_event/list.php(31): CodeIgniter\Debug\Exceptions->errorHandler(8, 'Undefined varia...', '/Applications/X...', 31, Array)
#1 /Applications/XAMPP/xamppfiles/htdocs/logbook/vendor/codeigniter4/framework/system/View/View.php(230): include('/Applications/X...')
#2 /Applications/XAMPP/xamppfiles/htdocs/logbook/vendor/codeigniter4/framework/system/View/View.php(232): CodeIgniter\View\View->CodeIgniter\View\{closure}()
#3 /Applications/XAMPP/xamppfiles/htdocs/logbook/vendor/codeigniter4/framework/system/Common.php(1271): CodeIgniter\View\View->render('admin/calender_...', Array, true)
#4 /Applications/XAMPP/xamppfiles/htdocs/logbook/app/Views/admin/layout/content.php(4): view('admin/calender_...')
#5 /Applications/XAMPP/xamppfiles/htdocs/logbook/app/Views/admin/layout/wrapper.php(11): require_once('/Applications/X...')
#6 /Applications/XAMPP/xamppfiles/htdocs/logbook/vendor/codeigniter4/framework/system/View/View.php(230): include('/Applications/X...')
#7 /Applications/XAMPP/xamppfiles/htdocs/logbook/vendor/codeigniter4/framework/system/View/View.php(232): CodeIgniter\View\View->CodeIgniter\View\{closure}()
#8 /Applications/XAMPP/xamppfiles/htdocs/logbook/vendor/codeigniter4/framework/system/Common.php(1271): CodeIgniter\View\View->render('admin/layout/wr...', Array, true)
#9 /Applications/XAMPP/xamppfiles/htdocs/logbook/app/Controllers/Admin/Calendar_event.php(141): view('admin/layout/wr...', Array)
#10 /Applications/XAMPP/xamppfiles/htdocs/logbook/vendor/codeigniter4/framework/system/CodeIgniter.php(872): App\Controllers\Admin\Calendar_event->list()
#11 /Applications/XAMPP/xamppfiles/htdocs/logbook/vendor/codeigniter4/framework/system/CodeIgniter.php(415): CodeIgniter\CodeIgniter->runController(Object(App\Controllers\Admin\Calendar_event))
#12 /Applications/XAMPP/xamppfiles/htdocs/logbook/vendor/codeigniter4/framework/system/CodeIgniter.php(325): CodeIgniter\CodeIgniter->handleRequest(NULL, Object(Config\Cache), false)
#13 /Applications/XAMPP/xamppfiles/htdocs/logbook/index.php(37): CodeIgniter\CodeIgniter->run()
#14 {main}
