CRITICAL - 2021-06-15 08:23:28 --> syntax error, unexpected ';', expecting ')'
#0 /Library/WebServer/Documents/rest-api/vendor/codeigniter4/framework/system/Autoloader/Autoloader.php(273): CodeIgniter\Autoloader\Autoloader->includeFile('/Library/WebSer...')
#1 /Library/WebServer/Documents/rest-api/vendor/codeigniter4/framework/system/Autoloader/Autoloader.php(247): CodeIgniter\Autoloader\Autoloader->loadInNamespace('App\\Libraries\\C...')
#2 [internal function]: CodeIgniter\Autoloader\Autoloader->loadClass('App\\Libraries\\C...')
#3 /Library/WebServer/Documents/rest-api/app/Libraries/Oauth.php(22): spl_autoload_call('App\\Libraries\\C...')
#4 /Library/WebServer/Documents/rest-api/app/Libraries/Oauth.php(13): App\Libraries\Oauth->init()
#5 /Library/WebServer/Documents/rest-api/app/Controllers/User.php(21): App\Libraries\Oauth->__construct()
#6 /Library/WebServer/Documents/rest-api/vendor/codeigniter4/framework/system/CodeIgniter.php(872): App\Controllers\User->login()
#7 /Library/WebServer/Documents/rest-api/vendor/codeigniter4/framework/system/CodeIgniter.php(415): CodeIgniter\CodeIgniter->runController(Object(App\Controllers\User))
#8 /Library/WebServer/Documents/rest-api/vendor/codeigniter4/framework/system/CodeIgniter.php(325): CodeIgniter\CodeIgniter->handleRequest(NULL, Object(Config\Cache), false)
#9 /Library/WebServer/Documents/rest-api/public/index.php(37): CodeIgniter\CodeIgniter->run()
#10 /Library/WebServer/Documents/rest-api/vendor/codeigniter4/framework/system/Commands/Server/rewrite.php(45): require_once('/Library/WebSer...')
#11 {main}
CRITICAL - 2021-06-15 08:23:44 --> Use of undefined constant user - assumed 'user' (this will throw an Error in a future version of PHP)
#0 /Library/WebServer/Documents/rest-api/app/Libraries/CustomOauthStorage.php(459): CodeIgniter\Debug\Exceptions->errorHandler(2, 'Use of undefine...', '/Library/WebSer...', 459, Array)
#1 /Library/WebServer/Documents/rest-api/app/Libraries/CustomOauthStorage.php(311): App\Libraries\CustomOauthStorage->getUser('tes2@gmail.com')
#2 /Library/WebServer/Documents/rest-api/vendor/bshaffer/oauth2-server-php/src/OAuth2/GrantType/UserCredentials.php(57): App\Libraries\CustomOauthStorage->checkUserCredentials('tes2@gmail.com', '12345678')
#3 /Library/WebServer/Documents/rest-api/vendor/bshaffer/oauth2-server-php/src/OAuth2/Controller/TokenController.php(175): OAuth2\GrantType\UserCredentials->validateRequest(Object(OAuth2\Request), Object(OAuth2\Response))
#4 /Library/WebServer/Documents/rest-api/vendor/bshaffer/oauth2-server-php/src/OAuth2/Controller/TokenController.php(87): OAuth2\Controller\TokenController->grantAccessToken(Object(OAuth2\Request), Object(OAuth2\Response))
#5 /Library/WebServer/Documents/rest-api/vendor/bshaffer/oauth2-server-php/src/OAuth2/Server.php(320): OAuth2\Controller\TokenController->handleTokenRequest(Object(OAuth2\Request), Object(OAuth2\Response))
#6 /Library/WebServer/Documents/rest-api/app/Controllers/User.php(23): OAuth2\Server->handleTokenRequest(Object(OAuth2\Request))
#7 /Library/WebServer/Documents/rest-api/vendor/codeigniter4/framework/system/CodeIgniter.php(872): App\Controllers\User->login()
#8 /Library/WebServer/Documents/rest-api/vendor/codeigniter4/framework/system/CodeIgniter.php(415): CodeIgniter\CodeIgniter->runController(Object(App\Controllers\User))
#9 /Library/WebServer/Documents/rest-api/vendor/codeigniter4/framework/system/CodeIgniter.php(325): CodeIgniter\CodeIgniter->handleRequest(NULL, Object(Config\Cache), false)
#10 /Library/WebServer/Documents/rest-api/public/index.php(37): CodeIgniter\CodeIgniter->run()
#11 /Library/WebServer/Documents/rest-api/vendor/codeigniter4/framework/system/Commands/Server/rewrite.php(45): require_once('/Library/WebSer...')
#12 {main}
CRITICAL - 2021-06-15 08:24:12 --> Use of undefined constant user - assumed 'user' (this will throw an Error in a future version of PHP)
#0 /Library/WebServer/Documents/rest-api/app/Libraries/CustomOauthStorage.php(459): CodeIgniter\Debug\Exceptions->errorHandler(2, 'Use of undefine...', '/Library/WebSer...', 459, Array)
#1 /Library/WebServer/Documents/rest-api/app/Libraries/CustomOauthStorage.php(311): App\Libraries\CustomOauthStorage->getUser('tes2@gmail.com')
#2 /Library/WebServer/Documents/rest-api/vendor/bshaffer/oauth2-server-php/src/OAuth2/GrantType/UserCredentials.php(57): App\Libraries\CustomOauthStorage->checkUserCredentials('tes2@gmail.com', '12345678')
#3 /Library/WebServer/Documents/rest-api/vendor/bshaffer/oauth2-server-php/src/OAuth2/Controller/TokenController.php(175): OAuth2\GrantType\UserCredentials->validateRequest(Object(OAuth2\Request), Object(OAuth2\Response))
#4 /Library/WebServer/Documents/rest-api/vendor/bshaffer/oauth2-server-php/src/OAuth2/Controller/TokenController.php(87): OAuth2\Controller\TokenController->grantAccessToken(Object(OAuth2\Request), Object(OAuth2\Response))
#5 /Library/WebServer/Documents/rest-api/vendor/bshaffer/oauth2-server-php/src/OAuth2/Server.php(320): OAuth2\Controller\TokenController->handleTokenRequest(Object(OAuth2\Request), Object(OAuth2\Response))
#6 /Library/WebServer/Documents/rest-api/app/Controllers/User.php(23): OAuth2\Server->handleTokenRequest(Object(OAuth2\Request))
#7 /Library/WebServer/Documents/rest-api/vendor/codeigniter4/framework/system/CodeIgniter.php(872): App\Controllers\User->login()
#8 /Library/WebServer/Documents/rest-api/vendor/codeigniter4/framework/system/CodeIgniter.php(415): CodeIgniter\CodeIgniter->runController(Object(App\Controllers\User))
#9 /Library/WebServer/Documents/rest-api/vendor/codeigniter4/framework/system/CodeIgniter.php(325): CodeIgniter\CodeIgniter->handleRequest(NULL, Object(Config\Cache), false)
#10 /Library/WebServer/Documents/rest-api/public/index.php(37): CodeIgniter\CodeIgniter->run()
#11 /Library/WebServer/Documents/rest-api/vendor/codeigniter4/framework/system/Commands/Server/rewrite.php(45): require_once('/Library/WebSer...')
#12 {main}
CRITICAL - 2021-06-15 08:24:21 --> Undefined index: user_id
#0 /Library/WebServer/Documents/rest-api/app/Libraries/CustomOauthStorage.php(465): CodeIgniter\Debug\Exceptions->errorHandler(8, 'Undefined index...', '/Library/WebSer...', 465, Array)
#1 /Library/WebServer/Documents/rest-api/app/Libraries/CustomOauthStorage.php(311): App\Libraries\CustomOauthStorage->getUser('tes2@gmail.com')
#2 /Library/WebServer/Documents/rest-api/vendor/bshaffer/oauth2-server-php/src/OAuth2/GrantType/UserCredentials.php(57): App\Libraries\CustomOauthStorage->checkUserCredentials('tes2@gmail.com', '12345678')
#3 /Library/WebServer/Documents/rest-api/vendor/bshaffer/oauth2-server-php/src/OAuth2/Controller/TokenController.php(175): OAuth2\GrantType\UserCredentials->validateRequest(Object(OAuth2\Request), Object(OAuth2\Response))
#4 /Library/WebServer/Documents/rest-api/vendor/bshaffer/oauth2-server-php/src/OAuth2/Controller/TokenController.php(87): OAuth2\Controller\TokenController->grantAccessToken(Object(OAuth2\Request), Object(OAuth2\Response))
#5 /Library/WebServer/Documents/rest-api/vendor/bshaffer/oauth2-server-php/src/OAuth2/Server.php(320): OAuth2\Controller\TokenController->handleTokenRequest(Object(OAuth2\Request), Object(OAuth2\Response))
#6 /Library/WebServer/Documents/rest-api/app/Controllers/User.php(23): OAuth2\Server->handleTokenRequest(Object(OAuth2\Request))
#7 /Library/WebServer/Documents/rest-api/vendor/codeigniter4/framework/system/CodeIgniter.php(872): App\Controllers\User->login()
#8 /Library/WebServer/Documents/rest-api/vendor/codeigniter4/framework/system/CodeIgniter.php(415): CodeIgniter\CodeIgniter->runController(Object(App\Controllers\User))
#9 /Library/WebServer/Documents/rest-api/vendor/codeigniter4/framework/system/CodeIgniter.php(325): CodeIgniter\CodeIgniter->handleRequest(NULL, Object(Config\Cache), false)
#10 /Library/WebServer/Documents/rest-api/public/index.php(37): CodeIgniter\CodeIgniter->run()
#11 /Library/WebServer/Documents/rest-api/vendor/codeigniter4/framework/system/Commands/Server/rewrite.php(45): require_once('/Library/WebSer...')
#12 {main}
CRITICAL - 2021-06-15 08:24:39 --> Undefined index: user_id
#0 /Library/WebServer/Documents/rest-api/app/Libraries/CustomOauthStorage.php(465): CodeIgniter\Debug\Exceptions->errorHandler(8, 'Undefined index...', '/Library/WebSer...', 465, Array)
#1 /Library/WebServer/Documents/rest-api/app/Libraries/CustomOauthStorage.php(311): App\Libraries\CustomOauthStorage->getUser('tes2@gmail.com')
#2 /Library/WebServer/Documents/rest-api/vendor/bshaffer/oauth2-server-php/src/OAuth2/GrantType/UserCredentials.php(57): App\Libraries\CustomOauthStorage->checkUserCredentials('tes2@gmail.com', '12345678')
#3 /Library/WebServer/Documents/rest-api/vendor/bshaffer/oauth2-server-php/src/OAuth2/Controller/TokenController.php(175): OAuth2\GrantType\UserCredentials->validateRequest(Object(OAuth2\Request), Object(OAuth2\Response))
#4 /Library/WebServer/Documents/rest-api/vendor/bshaffer/oauth2-server-php/src/OAuth2/Controller/TokenController.php(87): OAuth2\Controller\TokenController->grantAccessToken(Object(OAuth2\Request), Object(OAuth2\Response))
#5 /Library/WebServer/Documents/rest-api/vendor/bshaffer/oauth2-server-php/src/OAuth2/Server.php(320): OAuth2\Controller\TokenController->handleTokenRequest(Object(OAuth2\Request), Object(OAuth2\Response))
#6 /Library/WebServer/Documents/rest-api/app/Controllers/User.php(23): OAuth2\Server->handleTokenRequest(Object(OAuth2\Request))
#7 /Library/WebServer/Documents/rest-api/vendor/codeigniter4/framework/system/CodeIgniter.php(872): App\Controllers\User->login()
#8 /Library/WebServer/Documents/rest-api/vendor/codeigniter4/framework/system/CodeIgniter.php(415): CodeIgniter\CodeIgniter->runController(Object(App\Controllers\User))
#9 /Library/WebServer/Documents/rest-api/vendor/codeigniter4/framework/system/CodeIgniter.php(325): CodeIgniter\CodeIgniter->handleRequest(NULL, Object(Config\Cache), false)
#10 /Library/WebServer/Documents/rest-api/public/index.php(37): CodeIgniter\CodeIgniter->run()
#11 /Library/WebServer/Documents/rest-api/vendor/codeigniter4/framework/system/Commands/Server/rewrite.php(45): require_once('/Library/WebSer...')
#12 {main}
CRITICAL - 2021-06-15 08:24:40 --> Undefined index: user_id
#0 /Library/WebServer/Documents/rest-api/app/Libraries/CustomOauthStorage.php(465): CodeIgniter\Debug\Exceptions->errorHandler(8, 'Undefined index...', '/Library/WebSer...', 465, Array)
#1 /Library/WebServer/Documents/rest-api/app/Libraries/CustomOauthStorage.php(311): App\Libraries\CustomOauthStorage->getUser('tes2@gmail.com')
#2 /Library/WebServer/Documents/rest-api/vendor/bshaffer/oauth2-server-php/src/OAuth2/GrantType/UserCredentials.php(57): App\Libraries\CustomOauthStorage->checkUserCredentials('tes2@gmail.com', '12345678')
#3 /Library/WebServer/Documents/rest-api/vendor/bshaffer/oauth2-server-php/src/OAuth2/Controller/TokenController.php(175): OAuth2\GrantType\UserCredentials->validateRequest(Object(OAuth2\Request), Object(OAuth2\Response))
#4 /Library/WebServer/Documents/rest-api/vendor/bshaffer/oauth2-server-php/src/OAuth2/Controller/TokenController.php(87): OAuth2\Controller\TokenController->grantAccessToken(Object(OAuth2\Request), Object(OAuth2\Response))
#5 /Library/WebServer/Documents/rest-api/vendor/bshaffer/oauth2-server-php/src/OAuth2/Server.php(320): OAuth2\Controller\TokenController->handleTokenRequest(Object(OAuth2\Request), Object(OAuth2\Response))
#6 /Library/WebServer/Documents/rest-api/app/Controllers/User.php(23): OAuth2\Server->handleTokenRequest(Object(OAuth2\Request))
#7 /Library/WebServer/Documents/rest-api/vendor/codeigniter4/framework/system/CodeIgniter.php(872): App\Controllers\User->login()
#8 /Library/WebServer/Documents/rest-api/vendor/codeigniter4/framework/system/CodeIgniter.php(415): CodeIgniter\CodeIgniter->runController(Object(App\Controllers\User))
#9 /Library/WebServer/Documents/rest-api/vendor/codeigniter4/framework/system/CodeIgniter.php(325): CodeIgniter\CodeIgniter->handleRequest(NULL, Object(Config\Cache), false)
#10 /Library/WebServer/Documents/rest-api/public/index.php(37): CodeIgniter\CodeIgniter->run()
#11 /Library/WebServer/Documents/rest-api/vendor/codeigniter4/framework/system/Commands/Server/rewrite.php(45): require_once('/Library/WebSer...')
#12 {main}
CRITICAL - 2021-06-15 08:26:55 --> syntax error, unexpected ';', expecting ')'
#0 /Library/WebServer/Documents/rest-api/vendor/codeigniter4/framework/system/Autoloader/Autoloader.php(273): CodeIgniter\Autoloader\Autoloader->includeFile('/Library/WebSer...')
#1 /Library/WebServer/Documents/rest-api/vendor/codeigniter4/framework/system/Autoloader/Autoloader.php(247): CodeIgniter\Autoloader\Autoloader->loadInNamespace('App\\Libraries\\C...')
#2 [internal function]: CodeIgniter\Autoloader\Autoloader->loadClass('App\\Libraries\\C...')
#3 /Library/WebServer/Documents/rest-api/app/Libraries/Oauth.php(22): spl_autoload_call('App\\Libraries\\C...')
#4 /Library/WebServer/Documents/rest-api/app/Libraries/Oauth.php(13): App\Libraries\Oauth->init()
#5 /Library/WebServer/Documents/rest-api/app/Controllers/User.php(21): App\Libraries\Oauth->__construct()
#6 /Library/WebServer/Documents/rest-api/vendor/codeigniter4/framework/system/CodeIgniter.php(872): App\Controllers\User->login()
#7 /Library/WebServer/Documents/rest-api/vendor/codeigniter4/framework/system/CodeIgniter.php(415): CodeIgniter\CodeIgniter->runController(Object(App\Controllers\User))
#8 /Library/WebServer/Documents/rest-api/vendor/codeigniter4/framework/system/CodeIgniter.php(325): CodeIgniter\CodeIgniter->handleRequest(NULL, Object(Config\Cache), false)
#9 /Library/WebServer/Documents/rest-api/public/index.php(37): CodeIgniter\CodeIgniter->run()
#10 /Library/WebServer/Documents/rest-api/vendor/codeigniter4/framework/system/Commands/Server/rewrite.php(45): require_once('/Library/WebSer...')
#11 {main}
CRITICAL - 2021-06-15 08:27:00 --> Array to string conversion
#0 /Library/WebServer/Documents/rest-api/app/Libraries/CustomOauthStorage.php(466): CodeIgniter\Debug\Exceptions->errorHandler(8, 'Array to string...', '/Library/WebSer...', 466, Array)
#1 /Library/WebServer/Documents/rest-api/app/Libraries/CustomOauthStorage.php(311): App\Libraries\CustomOauthStorage->getUser('tes2@gmail.com')
#2 /Library/WebServer/Documents/rest-api/vendor/bshaffer/oauth2-server-php/src/OAuth2/GrantType/UserCredentials.php(57): App\Libraries\CustomOauthStorage->checkUserCredentials('tes2@gmail.com', '12345678')
#3 /Library/WebServer/Documents/rest-api/vendor/bshaffer/oauth2-server-php/src/OAuth2/Controller/TokenController.php(175): OAuth2\GrantType\UserCredentials->validateRequest(Object(OAuth2\Request), Object(OAuth2\Response))
#4 /Library/WebServer/Documents/rest-api/vendor/bshaffer/oauth2-server-php/src/OAuth2/Controller/TokenController.php(87): OAuth2\Controller\TokenController->grantAccessToken(Object(OAuth2\Request), Object(OAuth2\Response))
#5 /Library/WebServer/Documents/rest-api/vendor/bshaffer/oauth2-server-php/src/OAuth2/Server.php(320): OAuth2\Controller\TokenController->handleTokenRequest(Object(OAuth2\Request), Object(OAuth2\Response))
#6 /Library/WebServer/Documents/rest-api/app/Controllers/User.php(23): OAuth2\Server->handleTokenRequest(Object(OAuth2\Request))
#7 /Library/WebServer/Documents/rest-api/vendor/codeigniter4/framework/system/CodeIgniter.php(872): App\Controllers\User->login()
#8 /Library/WebServer/Documents/rest-api/vendor/codeigniter4/framework/system/CodeIgniter.php(415): CodeIgniter\CodeIgniter->runController(Object(App\Controllers\User))
#9 /Library/WebServer/Documents/rest-api/vendor/codeigniter4/framework/system/CodeIgniter.php(325): CodeIgniter\CodeIgniter->handleRequest(NULL, Object(Config\Cache), false)
#10 /Library/WebServer/Documents/rest-api/public/index.php(37): CodeIgniter\CodeIgniter->run()
#11 /Library/WebServer/Documents/rest-api/vendor/codeigniter4/framework/system/Commands/Server/rewrite.php(45): require_once('/Library/WebSer...')
#12 {main}
