CRITICAL - 2021-08-19 01:22:14 --> Undefined index: judul_download
#0 /Applications/XAMPP/xamppfiles/htdocs/logbook/app/Controllers/Admin/File_download.php(169): CodeIgniter\Debug\Exceptions->errorHandler(8, 'Undefined index...', '/Applications/X...', 169, Array)
#1 /Applications/XAMPP/xamppfiles/htdocs/logbook/vendor/codeigniter4/framework/system/CodeIgniter.php(872): App\Controllers\Admin\File_download->edit('1')
#2 /Applications/XAMPP/xamppfiles/htdocs/logbook/vendor/codeigniter4/framework/system/CodeIgniter.php(415): CodeIgniter\CodeIgniter->runController(Object(App\Controllers\Admin\File_download))
#3 /Applications/XAMPP/xamppfiles/htdocs/logbook/vendor/codeigniter4/framework/system/CodeIgniter.php(325): CodeIgniter\CodeIgniter->handleRequest(NULL, Object(Config\Cache), false)
#4 /Applications/XAMPP/xamppfiles/htdocs/logbook/index.php(37): CodeIgniter\CodeIgniter->run()
#5 {main}
CRITICAL - 2021-08-19 01:22:52 --> Undefined index: judul_download
#0 /Applications/XAMPP/xamppfiles/htdocs/logbook/app/Views/admin/download/edit.php(9): CodeIgniter\Debug\Exceptions->errorHandler(8, 'Undefined index...', '/Applications/X...', 9, Array)
#1 /Applications/XAMPP/xamppfiles/htdocs/logbook/vendor/codeigniter4/framework/system/View/View.php(230): include('/Applications/X...')
#2 /Applications/XAMPP/xamppfiles/htdocs/logbook/vendor/codeigniter4/framework/system/View/View.php(232): CodeIgniter\View\View->CodeIgniter\View\{closure}()
#3 /Applications/XAMPP/xamppfiles/htdocs/logbook/vendor/codeigniter4/framework/system/Common.php(1271): CodeIgniter\View\View->render('admin/download/...', Array, true)
#4 /Applications/XAMPP/xamppfiles/htdocs/logbook/app/Views/admin/layout/content.php(4): view('admin/download/...')
#5 /Applications/XAMPP/xamppfiles/htdocs/logbook/app/Views/admin/layout/wrapper.php(11): require_once('/Applications/X...')
#6 /Applications/XAMPP/xamppfiles/htdocs/logbook/vendor/codeigniter4/framework/system/View/View.php(230): include('/Applications/X...')
#7 /Applications/XAMPP/xamppfiles/htdocs/logbook/vendor/codeigniter4/framework/system/View/View.php(232): CodeIgniter\View\View->CodeIgniter\View\{closure}()
#8 /Applications/XAMPP/xamppfiles/htdocs/logbook/vendor/codeigniter4/framework/system/Common.php(1271): CodeIgniter\View\View->render('admin/layout/wr...', Array, true)
#9 /Applications/XAMPP/xamppfiles/htdocs/logbook/app/Controllers/Admin/File_download.php(174): view('admin/layout/wr...', Array)
#10 /Applications/XAMPP/xamppfiles/htdocs/logbook/vendor/codeigniter4/framework/system/CodeIgniter.php(872): App\Controllers\Admin\File_download->edit('1')
#11 /Applications/XAMPP/xamppfiles/htdocs/logbook/vendor/codeigniter4/framework/system/CodeIgniter.php(415): CodeIgniter\CodeIgniter->runController(Object(App\Controllers\Admin\File_download))
#12 /Applications/XAMPP/xamppfiles/htdocs/logbook/vendor/codeigniter4/framework/system/CodeIgniter.php(325): CodeIgniter\CodeIgniter->handleRequest(NULL, Object(Config\Cache), false)
#13 /Applications/XAMPP/xamppfiles/htdocs/logbook/index.php(37): CodeIgniter\CodeIgniter->run()
#14 {main}
CRITICAL - 2021-08-19 01:23:41 --> Undefined index: judul_download
#0 /Applications/XAMPP/xamppfiles/htdocs/logbook/app/Views/admin/download/edit.php(9): CodeIgniter\Debug\Exceptions->errorHandler(8, 'Undefined index...', '/Applications/X...', 9, Array)
#1 /Applications/XAMPP/xamppfiles/htdocs/logbook/vendor/codeigniter4/framework/system/View/View.php(230): include('/Applications/X...')
#2 /Applications/XAMPP/xamppfiles/htdocs/logbook/vendor/codeigniter4/framework/system/View/View.php(232): CodeIgniter\View\View->CodeIgniter\View\{closure}()
#3 /Applications/XAMPP/xamppfiles/htdocs/logbook/vendor/codeigniter4/framework/system/Common.php(1271): CodeIgniter\View\View->render('admin/download/...', Array, true)
#4 /Applications/XAMPP/xamppfiles/htdocs/logbook/app/Views/admin/layout/content.php(4): view('admin/download/...')
#5 /Applications/XAMPP/xamppfiles/htdocs/logbook/app/Views/admin/layout/wrapper.php(11): require_once('/Applications/X...')
#6 /Applications/XAMPP/xamppfiles/htdocs/logbook/vendor/codeigniter4/framework/system/View/View.php(230): include('/Applications/X...')
#7 /Applications/XAMPP/xamppfiles/htdocs/logbook/vendor/codeigniter4/framework/system/View/View.php(232): CodeIgniter\View\View->CodeIgniter\View\{closure}()
#8 /Applications/XAMPP/xamppfiles/htdocs/logbook/vendor/codeigniter4/framework/system/Common.php(1271): CodeIgniter\View\View->render('admin/layout/wr...', Array, true)
#9 /Applications/XAMPP/xamppfiles/htdocs/logbook/app/Controllers/Admin/File_download.php(174): view('admin/layout/wr...', Array)
#10 /Applications/XAMPP/xamppfiles/htdocs/logbook/vendor/codeigniter4/framework/system/CodeIgniter.php(872): App\Controllers\Admin\File_download->edit('1')
#11 /Applications/XAMPP/xamppfiles/htdocs/logbook/vendor/codeigniter4/framework/system/CodeIgniter.php(415): CodeIgniter\CodeIgniter->runController(Object(App\Controllers\Admin\File_download))
#12 /Applications/XAMPP/xamppfiles/htdocs/logbook/vendor/codeigniter4/framework/system/CodeIgniter.php(325): CodeIgniter\CodeIgniter->handleRequest(NULL, Object(Config\Cache), false)
#13 /Applications/XAMPP/xamppfiles/htdocs/logbook/index.php(37): CodeIgniter\CodeIgniter->run()
#14 {main}
CRITICAL - 2021-08-19 01:51:19 --> Undefined index: id_download
#0 /Applications/XAMPP/xamppfiles/htdocs/logbook/app/Models/File_download_model.php(55): CodeIgniter\Debug\Exceptions->errorHandler(8, 'Undefined index...', '/Applications/X...', 55, Array)
#1 /Applications/XAMPP/xamppfiles/htdocs/logbook/app/Controllers/Admin/File_download.php(173): App\Models\File_download_model->edit(Array)
#2 /Applications/XAMPP/xamppfiles/htdocs/logbook/vendor/codeigniter4/framework/system/CodeIgniter.php(872): App\Controllers\Admin\File_download->edit('1')
#3 /Applications/XAMPP/xamppfiles/htdocs/logbook/vendor/codeigniter4/framework/system/CodeIgniter.php(415): CodeIgniter\CodeIgniter->runController(Object(App\Controllers\Admin\File_download))
#4 /Applications/XAMPP/xamppfiles/htdocs/logbook/vendor/codeigniter4/framework/system/CodeIgniter.php(325): CodeIgniter\CodeIgniter->handleRequest(NULL, Object(Config\Cache), false)
#5 /Applications/XAMPP/xamppfiles/htdocs/logbook/index.php(37): CodeIgniter\CodeIgniter->run()
#6 {main}
CRITICAL - 2021-08-19 01:51:23 --> Undefined index: id_download
#0 /Applications/XAMPP/xamppfiles/htdocs/logbook/app/Models/File_download_model.php(55): CodeIgniter\Debug\Exceptions->errorHandler(8, 'Undefined index...', '/Applications/X...', 55, Array)
#1 /Applications/XAMPP/xamppfiles/htdocs/logbook/app/Controllers/Admin/File_download.php(173): App\Models\File_download_model->edit(Array)
#2 /Applications/XAMPP/xamppfiles/htdocs/logbook/vendor/codeigniter4/framework/system/CodeIgniter.php(872): App\Controllers\Admin\File_download->edit('1')
#3 /Applications/XAMPP/xamppfiles/htdocs/logbook/vendor/codeigniter4/framework/system/CodeIgniter.php(415): CodeIgniter\CodeIgniter->runController(Object(App\Controllers\Admin\File_download))
#4 /Applications/XAMPP/xamppfiles/htdocs/logbook/vendor/codeigniter4/framework/system/CodeIgniter.php(325): CodeIgniter\CodeIgniter->handleRequest(NULL, Object(Config\Cache), false)
#5 /Applications/XAMPP/xamppfiles/htdocs/logbook/index.php(37): CodeIgniter\CodeIgniter->run()
#6 {main}
CRITICAL - 2021-08-19 01:52:28 --> Undefined index: id_download
#0 /Applications/XAMPP/xamppfiles/htdocs/logbook/app/Models/File_download_model.php(55): CodeIgniter\Debug\Exceptions->errorHandler(8, 'Undefined index...', '/Applications/X...', 55, Array)
#1 /Applications/XAMPP/xamppfiles/htdocs/logbook/app/Controllers/Admin/File_download.php(168): App\Models\File_download_model->edit(Array)
#2 /Applications/XAMPP/xamppfiles/htdocs/logbook/vendor/codeigniter4/framework/system/CodeIgniter.php(872): App\Controllers\Admin\File_download->edit('1')
#3 /Applications/XAMPP/xamppfiles/htdocs/logbook/vendor/codeigniter4/framework/system/CodeIgniter.php(415): CodeIgniter\CodeIgniter->runController(Object(App\Controllers\Admin\File_download))
#4 /Applications/XAMPP/xamppfiles/htdocs/logbook/vendor/codeigniter4/framework/system/CodeIgniter.php(325): CodeIgniter\CodeIgniter->handleRequest(NULL, Object(Config\Cache), false)
#5 /Applications/XAMPP/xamppfiles/htdocs/logbook/index.php(37): CodeIgniter\CodeIgniter->run()
#6 {main}
