CRITICAL - 2021-07-24 05:17:39 --> Cannot declare class App\Controllers\Events, because the name is already in use
#0 [internal function]: CodeIgniter\Debug\Exceptions->shutdownHandler()
#1 {main}
CRITICAL - 2021-07-24 05:19:39 --> Cannot declare class App\Controllers\Events_calendar, because the name is already in use
#0 [internal function]: CodeIgniter\Debug\Exceptions->shutdownHandler()
#1 {main}
CRITICAL - 2021-07-24 05:20:51 --> Invalid file: {0}
#0 /Applications/XAMPP/xamppfiles/htdocs/kupangan/vendor/codeigniter4/framework/system/View/View.php(213): CodeIgniter\Exceptions\FrameworkException::forInvalidFile('admin/fullcalen...')
#1 /Applications/XAMPP/xamppfiles/htdocs/kupangan/vendor/codeigniter4/framework/system/Common.php(1271): CodeIgniter\View\View->render('admin/fullcalen...', Array, true)
#2 /Applications/XAMPP/xamppfiles/htdocs/kupangan/app/Controllers/Admin/Events_calendar.php(16): view('admin/fullcalen...')
#3 /Applications/XAMPP/xamppfiles/htdocs/kupangan/vendor/codeigniter4/framework/system/CodeIgniter.php(872): App\Controllers\Admin\Events_calendar->index()
#4 /Applications/XAMPP/xamppfiles/htdocs/kupangan/vendor/codeigniter4/framework/system/CodeIgniter.php(415): CodeIgniter\CodeIgniter->runController(Object(App\Controllers\Admin\Events_calendar))
#5 /Applications/XAMPP/xamppfiles/htdocs/kupangan/vendor/codeigniter4/framework/system/CodeIgniter.php(325): CodeIgniter\CodeIgniter->handleRequest(NULL, Object(Config\Cache), false)
#6 /Applications/XAMPP/xamppfiles/htdocs/kupangan/index.php(37): CodeIgniter\CodeIgniter->run()
#7 {main}
CRITICAL - 2021-07-24 05:26:12 --> Call to undefined function icon()
#0 /Applications/XAMPP/xamppfiles/htdocs/kupangan/app/Views/admin/layout/wrapper.php(8): require_once()
#1 /Applications/XAMPP/xamppfiles/htdocs/kupangan/vendor/codeigniter4/framework/system/View/View.php(230): include('/Applications/X...')
#2 /Applications/XAMPP/xamppfiles/htdocs/kupangan/vendor/codeigniter4/framework/system/View/View.php(232): CodeIgniter\View\View->CodeIgniter\View\{closure}()
#3 /Applications/XAMPP/xamppfiles/htdocs/kupangan/vendor/codeigniter4/framework/system/Common.php(1271): CodeIgniter\View\View->render('admin/layout/wr...', Array, true)
#4 /Applications/XAMPP/xamppfiles/htdocs/kupangan/app/Controllers/Admin/Events_calendar.php(19): view('admin/layout/wr...', Array)
#5 /Applications/XAMPP/xamppfiles/htdocs/kupangan/vendor/codeigniter4/framework/system/CodeIgniter.php(872): App\Controllers\Admin\Events_calendar->index()
#6 /Applications/XAMPP/xamppfiles/htdocs/kupangan/vendor/codeigniter4/framework/system/CodeIgniter.php(415): CodeIgniter\CodeIgniter->runController(Object(App\Controllers\Admin\Events_calendar))
#7 /Applications/XAMPP/xamppfiles/htdocs/kupangan/vendor/codeigniter4/framework/system/CodeIgniter.php(325): CodeIgniter\CodeIgniter->handleRequest(NULL, Object(Config\Cache), false)
#8 /Applications/XAMPP/xamppfiles/htdocs/kupangan/index.php(37): CodeIgniter\CodeIgniter->run()
#9 {main}
CRITICAL - 2021-07-24 05:26:59 --> Call to undefined function icon()
#0 /Applications/XAMPP/xamppfiles/htdocs/kupangan/app/Views/admin/layout/wrapper.php(8): require_once()
#1 /Applications/XAMPP/xamppfiles/htdocs/kupangan/vendor/codeigniter4/framework/system/View/View.php(230): include('/Applications/X...')
#2 /Applications/XAMPP/xamppfiles/htdocs/kupangan/vendor/codeigniter4/framework/system/View/View.php(232): CodeIgniter\View\View->CodeIgniter\View\{closure}()
#3 /Applications/XAMPP/xamppfiles/htdocs/kupangan/vendor/codeigniter4/framework/system/Common.php(1271): CodeIgniter\View\View->render('admin/layout/wr...', Array, true)
#4 /Applications/XAMPP/xamppfiles/htdocs/kupangan/app/Controllers/Admin/Events_calendar.php(19): view('admin/layout/wr...', Array)
#5 /Applications/XAMPP/xamppfiles/htdocs/kupangan/vendor/codeigniter4/framework/system/CodeIgniter.php(872): App\Controllers\Admin\Events_calendar->index()
#6 /Applications/XAMPP/xamppfiles/htdocs/kupangan/vendor/codeigniter4/framework/system/CodeIgniter.php(415): CodeIgniter\CodeIgniter->runController(Object(App\Controllers\Admin\Events_calendar))
#7 /Applications/XAMPP/xamppfiles/htdocs/kupangan/vendor/codeigniter4/framework/system/CodeIgniter.php(325): CodeIgniter\CodeIgniter->handleRequest(NULL, Object(Config\Cache), false)
#8 /Applications/XAMPP/xamppfiles/htdocs/kupangan/index.php(37): CodeIgniter\CodeIgniter->run()
#9 {main}
CRITICAL - 2021-07-24 05:29:04 --> Call to undefined function icon()
#0 /Applications/XAMPP/xamppfiles/htdocs/kupangan/app/Views/admin/layout/wrapper.php(8): require_once()
#1 /Applications/XAMPP/xamppfiles/htdocs/kupangan/vendor/codeigniter4/framework/system/View/View.php(230): include('/Applications/X...')
#2 /Applications/XAMPP/xamppfiles/htdocs/kupangan/vendor/codeigniter4/framework/system/View/View.php(232): CodeIgniter\View\View->CodeIgniter\View\{closure}()
#3 /Applications/XAMPP/xamppfiles/htdocs/kupangan/vendor/codeigniter4/framework/system/Common.php(1271): CodeIgniter\View\View->render('admin/layout/wr...', Array, true)
#4 /Applications/XAMPP/xamppfiles/htdocs/kupangan/app/Controllers/Admin/Events_calendar.php(20): view('admin/layout/wr...', Array)
#5 /Applications/XAMPP/xamppfiles/htdocs/kupangan/vendor/codeigniter4/framework/system/CodeIgniter.php(872): App\Controllers\Admin\Events_calendar->index()
#6 /Applications/XAMPP/xamppfiles/htdocs/kupangan/vendor/codeigniter4/framework/system/CodeIgniter.php(415): CodeIgniter\CodeIgniter->runController(Object(App\Controllers\Admin\Events_calendar))
#7 /Applications/XAMPP/xamppfiles/htdocs/kupangan/vendor/codeigniter4/framework/system/CodeIgniter.php(325): CodeIgniter\CodeIgniter->handleRequest(NULL, Object(Config\Cache), false)
#8 /Applications/XAMPP/xamppfiles/htdocs/kupangan/index.php(37): CodeIgniter\CodeIgniter->run()
#9 {main}
CRITICAL - 2021-07-24 05:29:04 --> Call to undefined function icon()
#0 /Applications/XAMPP/xamppfiles/htdocs/kupangan/app/Views/admin/layout/wrapper.php(8): require_once()
#1 /Applications/XAMPP/xamppfiles/htdocs/kupangan/vendor/codeigniter4/framework/system/View/View.php(230): include('/Applications/X...')
#2 /Applications/XAMPP/xamppfiles/htdocs/kupangan/vendor/codeigniter4/framework/system/View/View.php(232): CodeIgniter\View\View->CodeIgniter\View\{closure}()
#3 /Applications/XAMPP/xamppfiles/htdocs/kupangan/vendor/codeigniter4/framework/system/Common.php(1271): CodeIgniter\View\View->render('admin/layout/wr...', Array, true)
#4 /Applications/XAMPP/xamppfiles/htdocs/kupangan/app/Controllers/Admin/Events_calendar.php(20): view('admin/layout/wr...', Array)
#5 /Applications/XAMPP/xamppfiles/htdocs/kupangan/vendor/codeigniter4/framework/system/CodeIgniter.php(872): App\Controllers\Admin\Events_calendar->index()
#6 /Applications/XAMPP/xamppfiles/htdocs/kupangan/vendor/codeigniter4/framework/system/CodeIgniter.php(415): CodeIgniter\CodeIgniter->runController(Object(App\Controllers\Admin\Events_calendar))
#7 /Applications/XAMPP/xamppfiles/htdocs/kupangan/vendor/codeigniter4/framework/system/CodeIgniter.php(325): CodeIgniter\CodeIgniter->handleRequest(NULL, Object(Config\Cache), false)
#8 /Applications/XAMPP/xamppfiles/htdocs/kupangan/index.php(37): CodeIgniter\CodeIgniter->run()
#9 {main}
CRITICAL - 2021-07-24 05:29:05 --> Call to undefined function icon()
#0 /Applications/XAMPP/xamppfiles/htdocs/kupangan/app/Views/admin/layout/wrapper.php(8): require_once()
#1 /Applications/XAMPP/xamppfiles/htdocs/kupangan/vendor/codeigniter4/framework/system/View/View.php(230): include('/Applications/X...')
#2 /Applications/XAMPP/xamppfiles/htdocs/kupangan/vendor/codeigniter4/framework/system/View/View.php(232): CodeIgniter\View\View->CodeIgniter\View\{closure}()
#3 /Applications/XAMPP/xamppfiles/htdocs/kupangan/vendor/codeigniter4/framework/system/Common.php(1271): CodeIgniter\View\View->render('admin/layout/wr...', Array, true)
#4 /Applications/XAMPP/xamppfiles/htdocs/kupangan/app/Controllers/Admin/Events_calendar.php(20): view('admin/layout/wr...', Array)
#5 /Applications/XAMPP/xamppfiles/htdocs/kupangan/vendor/codeigniter4/framework/system/CodeIgniter.php(872): App\Controllers\Admin\Events_calendar->index()
#6 /Applications/XAMPP/xamppfiles/htdocs/kupangan/vendor/codeigniter4/framework/system/CodeIgniter.php(415): CodeIgniter\CodeIgniter->runController(Object(App\Controllers\Admin\Events_calendar))
#7 /Applications/XAMPP/xamppfiles/htdocs/kupangan/vendor/codeigniter4/framework/system/CodeIgniter.php(325): CodeIgniter\CodeIgniter->handleRequest(NULL, Object(Config\Cache), false)
#8 /Applications/XAMPP/xamppfiles/htdocs/kupangan/index.php(37): CodeIgniter\CodeIgniter->run()
#9 {main}
CRITICAL - 2021-07-24 05:30:16 --> Call to undefined function icon()
#0 /Applications/XAMPP/xamppfiles/htdocs/kupangan/app/Views/admin/layout/wrapper.php(8): require_once()
#1 /Applications/XAMPP/xamppfiles/htdocs/kupangan/vendor/codeigniter4/framework/system/View/View.php(230): include('/Applications/X...')
#2 /Applications/XAMPP/xamppfiles/htdocs/kupangan/vendor/codeigniter4/framework/system/View/View.php(232): CodeIgniter\View\View->CodeIgniter\View\{closure}()
#3 /Applications/XAMPP/xamppfiles/htdocs/kupangan/vendor/codeigniter4/framework/system/Common.php(1271): CodeIgniter\View\View->render('admin/layout/wr...', Array, true)
#4 /Applications/XAMPP/xamppfiles/htdocs/kupangan/app/Controllers/Admin/Events_calendar.php(20): view('admin/layout/wr...', Array)
#5 /Applications/XAMPP/xamppfiles/htdocs/kupangan/vendor/codeigniter4/framework/system/CodeIgniter.php(872): App\Controllers\Admin\Events_calendar->index()
#6 /Applications/XAMPP/xamppfiles/htdocs/kupangan/vendor/codeigniter4/framework/system/CodeIgniter.php(415): CodeIgniter\CodeIgniter->runController(Object(App\Controllers\Admin\Events_calendar))
#7 /Applications/XAMPP/xamppfiles/htdocs/kupangan/vendor/codeigniter4/framework/system/CodeIgniter.php(325): CodeIgniter\CodeIgniter->handleRequest(NULL, Object(Config\Cache), false)
#8 /Applications/XAMPP/xamppfiles/htdocs/kupangan/index.php(37): CodeIgniter\CodeIgniter->run()
#9 {main}
CRITICAL - 2021-07-24 05:30:17 --> Call to undefined function icon()
#0 /Applications/XAMPP/xamppfiles/htdocs/kupangan/app/Views/admin/layout/wrapper.php(8): require_once()
#1 /Applications/XAMPP/xamppfiles/htdocs/kupangan/vendor/codeigniter4/framework/system/View/View.php(230): include('/Applications/X...')
#2 /Applications/XAMPP/xamppfiles/htdocs/kupangan/vendor/codeigniter4/framework/system/View/View.php(232): CodeIgniter\View\View->CodeIgniter\View\{closure}()
#3 /Applications/XAMPP/xamppfiles/htdocs/kupangan/vendor/codeigniter4/framework/system/Common.php(1271): CodeIgniter\View\View->render('admin/layout/wr...', Array, true)
#4 /Applications/XAMPP/xamppfiles/htdocs/kupangan/app/Controllers/Admin/Events_calendar.php(20): view('admin/layout/wr...', Array)
#5 /Applications/XAMPP/xamppfiles/htdocs/kupangan/vendor/codeigniter4/framework/system/CodeIgniter.php(872): App\Controllers\Admin\Events_calendar->index()
#6 /Applications/XAMPP/xamppfiles/htdocs/kupangan/vendor/codeigniter4/framework/system/CodeIgniter.php(415): CodeIgniter\CodeIgniter->runController(Object(App\Controllers\Admin\Events_calendar))
#7 /Applications/XAMPP/xamppfiles/htdocs/kupangan/vendor/codeigniter4/framework/system/CodeIgniter.php(325): CodeIgniter\CodeIgniter->handleRequest(NULL, Object(Config\Cache), false)
#8 /Applications/XAMPP/xamppfiles/htdocs/kupangan/index.php(37): CodeIgniter\CodeIgniter->run()
#9 {main}
CRITICAL - 2021-07-24 05:30:39 --> Call to undefined function App\Controllers\Admin\checklogin()
#0 /Applications/XAMPP/xamppfiles/htdocs/kupangan/vendor/codeigniter4/framework/system/CodeIgniter.php(872): App\Controllers\Admin\Events_calendar->index()
#1 /Applications/XAMPP/xamppfiles/htdocs/kupangan/vendor/codeigniter4/framework/system/CodeIgniter.php(415): CodeIgniter\CodeIgniter->runController(Object(App\Controllers\Admin\Events_calendar))
#2 /Applications/XAMPP/xamppfiles/htdocs/kupangan/vendor/codeigniter4/framework/system/CodeIgniter.php(325): CodeIgniter\CodeIgniter->handleRequest(NULL, Object(Config\Cache), false)
#3 /Applications/XAMPP/xamppfiles/htdocs/kupangan/index.php(37): CodeIgniter\CodeIgniter->run()
#4 {main}
CRITICAL - 2021-07-24 05:31:14 --> Call to undefined function script_tag()
#0 /Applications/XAMPP/xamppfiles/htdocs/kupangan/vendor/codeigniter4/framework/system/View/View.php(230): include()
#1 /Applications/XAMPP/xamppfiles/htdocs/kupangan/vendor/codeigniter4/framework/system/View/View.php(232): CodeIgniter\View\View->CodeIgniter\View\{closure}()
#2 /Applications/XAMPP/xamppfiles/htdocs/kupangan/vendor/codeigniter4/framework/system/Common.php(1271): CodeIgniter\View\View->render('admin/events/in...', Array, true)
#3 /Applications/XAMPP/xamppfiles/htdocs/kupangan/app/Views/admin/layout/content.php(4): view('admin/events/in...')
#4 /Applications/XAMPP/xamppfiles/htdocs/kupangan/app/Views/admin/layout/wrapper.php(11): require_once('/Applications/X...')
#5 /Applications/XAMPP/xamppfiles/htdocs/kupangan/vendor/codeigniter4/framework/system/View/View.php(230): include('/Applications/X...')
#6 /Applications/XAMPP/xamppfiles/htdocs/kupangan/vendor/codeigniter4/framework/system/View/View.php(232): CodeIgniter\View\View->CodeIgniter\View\{closure}()
#7 /Applications/XAMPP/xamppfiles/htdocs/kupangan/vendor/codeigniter4/framework/system/Common.php(1271): CodeIgniter\View\View->render('admin/layout/wr...', Array, true)
#8 /Applications/XAMPP/xamppfiles/htdocs/kupangan/app/Controllers/Admin/Events_calendar.php(21): view('admin/layout/wr...', Array)
#9 /Applications/XAMPP/xamppfiles/htdocs/kupangan/vendor/codeigniter4/framework/system/CodeIgniter.php(872): App\Controllers\Admin\Events_calendar->index()
#10 /Applications/XAMPP/xamppfiles/htdocs/kupangan/vendor/codeigniter4/framework/system/CodeIgniter.php(415): CodeIgniter\CodeIgniter->runController(Object(App\Controllers\Admin\Events_calendar))
#11 /Applications/XAMPP/xamppfiles/htdocs/kupangan/vendor/codeigniter4/framework/system/CodeIgniter.php(325): CodeIgniter\CodeIgniter->handleRequest(NULL, Object(Config\Cache), false)
#12 /Applications/XAMPP/xamppfiles/htdocs/kupangan/index.php(37): CodeIgniter\CodeIgniter->run()
#13 {main}
CRITICAL - 2021-07-24 05:31:14 --> Call to undefined function script_tag()
#0 /Applications/XAMPP/xamppfiles/htdocs/kupangan/vendor/codeigniter4/framework/system/View/View.php(230): include()
#1 /Applications/XAMPP/xamppfiles/htdocs/kupangan/vendor/codeigniter4/framework/system/View/View.php(232): CodeIgniter\View\View->CodeIgniter\View\{closure}()
#2 /Applications/XAMPP/xamppfiles/htdocs/kupangan/vendor/codeigniter4/framework/system/Common.php(1271): CodeIgniter\View\View->render('admin/events/in...', Array, true)
#3 /Applications/XAMPP/xamppfiles/htdocs/kupangan/app/Views/admin/layout/content.php(4): view('admin/events/in...')
#4 /Applications/XAMPP/xamppfiles/htdocs/kupangan/app/Views/admin/layout/wrapper.php(11): require_once('/Applications/X...')
#5 /Applications/XAMPP/xamppfiles/htdocs/kupangan/vendor/codeigniter4/framework/system/View/View.php(230): include('/Applications/X...')
#6 /Applications/XAMPP/xamppfiles/htdocs/kupangan/vendor/codeigniter4/framework/system/View/View.php(232): CodeIgniter\View\View->CodeIgniter\View\{closure}()
#7 /Applications/XAMPP/xamppfiles/htdocs/kupangan/vendor/codeigniter4/framework/system/Common.php(1271): CodeIgniter\View\View->render('admin/layout/wr...', Array, true)
#8 /Applications/XAMPP/xamppfiles/htdocs/kupangan/app/Controllers/Admin/Events_calendar.php(21): view('admin/layout/wr...', Array)
#9 /Applications/XAMPP/xamppfiles/htdocs/kupangan/vendor/codeigniter4/framework/system/CodeIgniter.php(872): App\Controllers\Admin\Events_calendar->index()
#10 /Applications/XAMPP/xamppfiles/htdocs/kupangan/vendor/codeigniter4/framework/system/CodeIgniter.php(415): CodeIgniter\CodeIgniter->runController(Object(App\Controllers\Admin\Events_calendar))
#11 /Applications/XAMPP/xamppfiles/htdocs/kupangan/vendor/codeigniter4/framework/system/CodeIgniter.php(325): CodeIgniter\CodeIgniter->handleRequest(NULL, Object(Config\Cache), false)
#12 /Applications/XAMPP/xamppfiles/htdocs/kupangan/index.php(37): CodeIgniter\CodeIgniter->run()
#13 {main}
CRITICAL - 2021-07-24 08:04:46 --> Class 'App\Controllers\Admin\Download_model' not found
#0 /Applications/XAMPP/xamppfiles/htdocs/kupangan/vendor/codeigniter4/framework/system/CodeIgniter.php(872): App\Controllers\Admin\CAlendar_event->index()
#1 /Applications/XAMPP/xamppfiles/htdocs/kupangan/vendor/codeigniter4/framework/system/CodeIgniter.php(415): CodeIgniter\CodeIgniter->runController(Object(App\Controllers\Admin\CAlendar_event))
#2 /Applications/XAMPP/xamppfiles/htdocs/kupangan/vendor/codeigniter4/framework/system/CodeIgniter.php(325): CodeIgniter\CodeIgniter->handleRequest(NULL, Object(Config\Cache), false)
#3 /Applications/XAMPP/xamppfiles/htdocs/kupangan/index.php(37): CodeIgniter\CodeIgniter->run()
#4 {main}
CRITICAL - 2021-07-24 08:05:18 --> Class 'App\Controllers\Admin\Calendar_event_model' not found
#0 /Applications/XAMPP/xamppfiles/htdocs/kupangan/vendor/codeigniter4/framework/system/CodeIgniter.php(872): App\Controllers\Admin\Calendar_event->index()
#1 /Applications/XAMPP/xamppfiles/htdocs/kupangan/vendor/codeigniter4/framework/system/CodeIgniter.php(415): CodeIgniter\CodeIgniter->runController(Object(App\Controllers\Admin\Calendar_event))
#2 /Applications/XAMPP/xamppfiles/htdocs/kupangan/vendor/codeigniter4/framework/system/CodeIgniter.php(325): CodeIgniter\CodeIgniter->handleRequest(NULL, Object(Config\Cache), false)
#3 /Applications/XAMPP/xamppfiles/htdocs/kupangan/index.php(37): CodeIgniter\CodeIgniter->run()
#4 {main}
CRITICAL - 2021-07-24 08:05:32 --> Class 'App\Controllers\Admin\Calendar_event_model' not found
#0 /Applications/XAMPP/xamppfiles/htdocs/kupangan/vendor/codeigniter4/framework/system/CodeIgniter.php(872): App\Controllers\Admin\Calendar_event->index()
#1 /Applications/XAMPP/xamppfiles/htdocs/kupangan/vendor/codeigniter4/framework/system/CodeIgniter.php(415): CodeIgniter\CodeIgniter->runController(Object(App\Controllers\Admin\Calendar_event))
#2 /Applications/XAMPP/xamppfiles/htdocs/kupangan/vendor/codeigniter4/framework/system/CodeIgniter.php(325): CodeIgniter\CodeIgniter->handleRequest(NULL, Object(Config\Cache), false)
#3 /Applications/XAMPP/xamppfiles/htdocs/kupangan/index.php(37): CodeIgniter\CodeIgniter->run()
#4 {main}
CRITICAL - 2021-07-24 08:05:33 --> Class 'App\Controllers\Admin\Calendar_event_model' not found
#0 /Applications/XAMPP/xamppfiles/htdocs/kupangan/vendor/codeigniter4/framework/system/CodeIgniter.php(872): App\Controllers\Admin\Calendar_event->index()
#1 /Applications/XAMPP/xamppfiles/htdocs/kupangan/vendor/codeigniter4/framework/system/CodeIgniter.php(415): CodeIgniter\CodeIgniter->runController(Object(App\Controllers\Admin\Calendar_event))
#2 /Applications/XAMPP/xamppfiles/htdocs/kupangan/vendor/codeigniter4/framework/system/CodeIgniter.php(325): CodeIgniter\CodeIgniter->handleRequest(NULL, Object(Config\Cache), false)
#3 /Applications/XAMPP/xamppfiles/htdocs/kupangan/index.php(37): CodeIgniter\CodeIgniter->run()
#4 {main}
CRITICAL - 2021-07-24 08:05:33 --> Class 'App\Controllers\Admin\Calendar_event_model' not found
#0 /Applications/XAMPP/xamppfiles/htdocs/kupangan/vendor/codeigniter4/framework/system/CodeIgniter.php(872): App\Controllers\Admin\Calendar_event->index()
#1 /Applications/XAMPP/xamppfiles/htdocs/kupangan/vendor/codeigniter4/framework/system/CodeIgniter.php(415): CodeIgniter\CodeIgniter->runController(Object(App\Controllers\Admin\Calendar_event))
#2 /Applications/XAMPP/xamppfiles/htdocs/kupangan/vendor/codeigniter4/framework/system/CodeIgniter.php(325): CodeIgniter\CodeIgniter->handleRequest(NULL, Object(Config\Cache), false)
#3 /Applications/XAMPP/xamppfiles/htdocs/kupangan/index.php(37): CodeIgniter\CodeIgniter->run()
#4 {main}
CRITICAL - 2021-07-24 08:05:34 --> Class 'App\Controllers\Admin\Calendar_event_model' not found
#0 /Applications/XAMPP/xamppfiles/htdocs/kupangan/vendor/codeigniter4/framework/system/CodeIgniter.php(872): App\Controllers\Admin\Calendar_event->index()
#1 /Applications/XAMPP/xamppfiles/htdocs/kupangan/vendor/codeigniter4/framework/system/CodeIgniter.php(415): CodeIgniter\CodeIgniter->runController(Object(App\Controllers\Admin\Calendar_event))
#2 /Applications/XAMPP/xamppfiles/htdocs/kupangan/vendor/codeigniter4/framework/system/CodeIgniter.php(325): CodeIgniter\CodeIgniter->handleRequest(NULL, Object(Config\Cache), false)
#3 /Applications/XAMPP/xamppfiles/htdocs/kupangan/index.php(37): CodeIgniter\CodeIgniter->run()
#4 {main}
CRITICAL - 2021-07-24 08:05:34 --> Class 'App\Controllers\Admin\Calendar_event_model' not found
#0 /Applications/XAMPP/xamppfiles/htdocs/kupangan/vendor/codeigniter4/framework/system/CodeIgniter.php(872): App\Controllers\Admin\Calendar_event->index()
#1 /Applications/XAMPP/xamppfiles/htdocs/kupangan/vendor/codeigniter4/framework/system/CodeIgniter.php(415): CodeIgniter\CodeIgniter->runController(Object(App\Controllers\Admin\Calendar_event))
#2 /Applications/XAMPP/xamppfiles/htdocs/kupangan/vendor/codeigniter4/framework/system/CodeIgniter.php(325): CodeIgniter\CodeIgniter->handleRequest(NULL, Object(Config\Cache), false)
#3 /Applications/XAMPP/xamppfiles/htdocs/kupangan/index.php(37): CodeIgniter\CodeIgniter->run()
#4 {main}
CRITICAL - 2021-07-24 08:06:02 --> Undefined property: App\Controllers\Admin\Calendar_event::$table
#0 /Applications/XAMPP/xamppfiles/htdocs/kupangan/app/Controllers/Admin/Calendar_event.php(17): CodeIgniter\Debug\Exceptions->errorHandler(8, 'Undefined prope...', '/Applications/X...', 17, Array)
#1 /Applications/XAMPP/xamppfiles/htdocs/kupangan/vendor/codeigniter4/framework/system/CodeIgniter.php(872): App\Controllers\Admin\Calendar_event->index()
#2 /Applications/XAMPP/xamppfiles/htdocs/kupangan/vendor/codeigniter4/framework/system/CodeIgniter.php(415): CodeIgniter\CodeIgniter->runController(Object(App\Controllers\Admin\Calendar_event))
#3 /Applications/XAMPP/xamppfiles/htdocs/kupangan/vendor/codeigniter4/framework/system/CodeIgniter.php(325): CodeIgniter\CodeIgniter->handleRequest(NULL, Object(Config\Cache), false)
#4 /Applications/XAMPP/xamppfiles/htdocs/kupangan/index.php(37): CodeIgniter\CodeIgniter->run()
#5 {main}
CRITICAL - 2021-07-24 08:06:42 --> Call to undefined method CodeIgniter\Database\MySQLi\Connection::get()
#0 /Applications/XAMPP/xamppfiles/htdocs/kupangan/app/Controllers/Admin/Calendar_event.php(17): App\Models\Calendar_event_model->get_list()
#1 /Applications/XAMPP/xamppfiles/htdocs/kupangan/vendor/codeigniter4/framework/system/CodeIgniter.php(872): App\Controllers\Admin\Calendar_event->index()
#2 /Applications/XAMPP/xamppfiles/htdocs/kupangan/vendor/codeigniter4/framework/system/CodeIgniter.php(415): CodeIgniter\CodeIgniter->runController(Object(App\Controllers\Admin\Calendar_event))
#3 /Applications/XAMPP/xamppfiles/htdocs/kupangan/vendor/codeigniter4/framework/system/CodeIgniter.php(325): CodeIgniter\CodeIgniter->handleRequest(NULL, Object(Config\Cache), false)
#4 /Applications/XAMPP/xamppfiles/htdocs/kupangan/index.php(37): CodeIgniter\CodeIgniter->run()
#5 {main}
CRITICAL - 2021-07-24 08:07:52 --> Undefined variable: builder
#0 /Applications/XAMPP/xamppfiles/htdocs/kupangan/app/Models/Calendar_event_model.php(18): CodeIgniter\Debug\Exceptions->errorHandler(8, 'Undefined varia...', '/Applications/X...', 18, Array)
#1 /Applications/XAMPP/xamppfiles/htdocs/kupangan/app/Controllers/Admin/Calendar_event.php(17): App\Models\Calendar_event_model->get_list()
#2 /Applications/XAMPP/xamppfiles/htdocs/kupangan/vendor/codeigniter4/framework/system/CodeIgniter.php(872): App\Controllers\Admin\Calendar_event->index()
#3 /Applications/XAMPP/xamppfiles/htdocs/kupangan/vendor/codeigniter4/framework/system/CodeIgniter.php(415): CodeIgniter\CodeIgniter->runController(Object(App\Controllers\Admin\Calendar_event))
#4 /Applications/XAMPP/xamppfiles/htdocs/kupangan/vendor/codeigniter4/framework/system/CodeIgniter.php(325): CodeIgniter\CodeIgniter->handleRequest(NULL, Object(Config\Cache), false)
#5 /Applications/XAMPP/xamppfiles/htdocs/kupangan/index.php(37): CodeIgniter\CodeIgniter->run()
#6 {main}
CRITICAL - 2021-07-24 08:09:11 --> Undefined variable: table
#0 /Applications/XAMPP/xamppfiles/htdocs/kupangan/app/Models/Calendar_event_model.php(15): CodeIgniter\Debug\Exceptions->errorHandler(8, 'Undefined varia...', '/Applications/X...', 15, Array)
#1 /Applications/XAMPP/xamppfiles/htdocs/kupangan/app/Controllers/Admin/Calendar_event.php(17): App\Models\Calendar_event_model->get_list()
#2 /Applications/XAMPP/xamppfiles/htdocs/kupangan/vendor/codeigniter4/framework/system/CodeIgniter.php(872): App\Controllers\Admin\Calendar_event->index()
#3 /Applications/XAMPP/xamppfiles/htdocs/kupangan/vendor/codeigniter4/framework/system/CodeIgniter.php(415): CodeIgniter\CodeIgniter->runController(Object(App\Controllers\Admin\Calendar_event))
#4 /Applications/XAMPP/xamppfiles/htdocs/kupangan/vendor/codeigniter4/framework/system/CodeIgniter.php(325): CodeIgniter\CodeIgniter->handleRequest(NULL, Object(Config\Cache), false)
#5 /Applications/XAMPP/xamppfiles/htdocs/kupangan/index.php(37): CodeIgniter\CodeIgniter->run()
#6 {main}
