CRITICAL - 2021-08-17 01:47:33 --> Cannot redeclare App\Models\User_model::listing()
#0 [internal function]: CodeIgniter\Debug\Exceptions->shutdownHandler()
#1 {main}
CRITICAL - 2021-08-17 01:48:00 --> Too few arguments to function App\Models\User_model::listing_active(), 0 passed in /Applications/XAMPP/xamppfiles/htdocs/logbook/app/Controllers/Admin/Calendar_event.php on line 132 and exactly 1 expected
#0 /Applications/XAMPP/xamppfiles/htdocs/logbook/app/Controllers/Admin/Calendar_event.php(132): App\Models\User_model->listing_active()
#1 /Applications/XAMPP/xamppfiles/htdocs/logbook/vendor/codeigniter4/framework/system/CodeIgniter.php(872): App\Controllers\Admin\Calendar_event->list()
#2 /Applications/XAMPP/xamppfiles/htdocs/logbook/vendor/codeigniter4/framework/system/CodeIgniter.php(415): CodeIgniter\CodeIgniter->runController(Object(App\Controllers\Admin\Calendar_event))
#3 /Applications/XAMPP/xamppfiles/htdocs/logbook/vendor/codeigniter4/framework/system/CodeIgniter.php(325): CodeIgniter\CodeIgniter->handleRequest(NULL, Object(Config\Cache), false)
#4 /Applications/XAMPP/xamppfiles/htdocs/logbook/index.php(37): CodeIgniter\CodeIgniter->run()
#5 {main}
CRITICAL - 2021-08-17 01:48:28 --> Too few arguments to function App\Models\User_model::listing_active(), 0 passed in /Applications/XAMPP/xamppfiles/htdocs/logbook/app/Controllers/Admin/Calendar_event.php on line 132 and exactly 1 expected
#0 /Applications/XAMPP/xamppfiles/htdocs/logbook/app/Controllers/Admin/Calendar_event.php(132): App\Models\User_model->listing_active()
#1 /Applications/XAMPP/xamppfiles/htdocs/logbook/vendor/codeigniter4/framework/system/CodeIgniter.php(872): App\Controllers\Admin\Calendar_event->list()
#2 /Applications/XAMPP/xamppfiles/htdocs/logbook/vendor/codeigniter4/framework/system/CodeIgniter.php(415): CodeIgniter\CodeIgniter->runController(Object(App\Controllers\Admin\Calendar_event))
#3 /Applications/XAMPP/xamppfiles/htdocs/logbook/vendor/codeigniter4/framework/system/CodeIgniter.php(325): CodeIgniter\CodeIgniter->handleRequest(NULL, Object(Config\Cache), false)
#4 /Applications/XAMPP/xamppfiles/htdocs/logbook/index.php(37): CodeIgniter\CodeIgniter->run()
#5 {main}
CRITICAL - 2021-08-17 07:58:16 --> Undefined variable: id_user
#0 /Applications/XAMPP/xamppfiles/htdocs/logbook/app/Controllers/Admin/Calendar_event.php(137): CodeIgniter\Debug\Exceptions->errorHandler(8, 'Undefined varia...', '/Applications/X...', 137, Array)
#1 /Applications/XAMPP/xamppfiles/htdocs/logbook/vendor/codeigniter4/framework/system/CodeIgniter.php(872): App\Controllers\Admin\Calendar_event->list()
#2 /Applications/XAMPP/xamppfiles/htdocs/logbook/vendor/codeigniter4/framework/system/CodeIgniter.php(415): CodeIgniter\CodeIgniter->runController(Object(App\Controllers\Admin\Calendar_event))
#3 /Applications/XAMPP/xamppfiles/htdocs/logbook/vendor/codeigniter4/framework/system/CodeIgniter.php(325): CodeIgniter\CodeIgniter->handleRequest(NULL, Object(Config\Cache), false)
#4 /Applications/XAMPP/xamppfiles/htdocs/logbook/index.php(37): CodeIgniter\CodeIgniter->run()
#5 {main}
CRITICAL - 2021-08-17 08:00:18 --> Object of class CodeIgniter\View\View could not be converted to string
#0 /Applications/XAMPP/xamppfiles/htdocs/logbook/app/Views/admin/calender_event/list.php(15): CodeIgniter\Debug\Exceptions->errorHandler(4096, 'Object of class...', '/Applications/X...', 15, Array)
#1 /Applications/XAMPP/xamppfiles/htdocs/logbook/vendor/codeigniter4/framework/system/View/View.php(230): include('/Applications/X...')
#2 /Applications/XAMPP/xamppfiles/htdocs/logbook/vendor/codeigniter4/framework/system/View/View.php(232): CodeIgniter\View\View->CodeIgniter\View\{closure}()
#3 /Applications/XAMPP/xamppfiles/htdocs/logbook/vendor/codeigniter4/framework/system/Common.php(1271): CodeIgniter\View\View->render('admin/calender_...', Array, true)
#4 /Applications/XAMPP/xamppfiles/htdocs/logbook/app/Views/admin/layout/content.php(4): view('admin/calender_...')
#5 /Applications/XAMPP/xamppfiles/htdocs/logbook/app/Views/admin/layout/wrapper.php(11): require_once('/Applications/X...')
#6 /Applications/XAMPP/xamppfiles/htdocs/logbook/vendor/codeigniter4/framework/system/View/View.php(230): include('/Applications/X...')
#7 /Applications/XAMPP/xamppfiles/htdocs/logbook/vendor/codeigniter4/framework/system/View/View.php(232): CodeIgniter\View\View->CodeIgniter\View\{closure}()
#8 /Applications/XAMPP/xamppfiles/htdocs/logbook/vendor/codeigniter4/framework/system/Common.php(1271): CodeIgniter\View\View->render('admin/layout/wr...', Array, true)
#9 /Applications/XAMPP/xamppfiles/htdocs/logbook/app/Controllers/Admin/Calendar_event.php(155): view('admin/layout/wr...', Array)
#10 /Applications/XAMPP/xamppfiles/htdocs/logbook/vendor/codeigniter4/framework/system/CodeIgniter.php(872): App\Controllers\Admin\Calendar_event->list()
#11 /Applications/XAMPP/xamppfiles/htdocs/logbook/vendor/codeigniter4/framework/system/CodeIgniter.php(415): CodeIgniter\CodeIgniter->runController(Object(App\Controllers\Admin\Calendar_event))
#12 /Applications/XAMPP/xamppfiles/htdocs/logbook/vendor/codeigniter4/framework/system/CodeIgniter.php(325): CodeIgniter\CodeIgniter->handleRequest(NULL, Object(Config\Cache), false)
#13 /Applications/XAMPP/xamppfiles/htdocs/logbook/index.php(37): CodeIgniter\CodeIgniter->run()
#14 {main}
CRITICAL - 2021-08-17 08:00:33 --> Undefined property: CodeIgniter\View\View::$session
#0 /Applications/XAMPP/xamppfiles/htdocs/logbook/app/Views/admin/calender_event/list.php(15): CodeIgniter\Debug\Exceptions->errorHandler(8, 'Undefined prope...', '/Applications/X...', 15, Array)
#1 /Applications/XAMPP/xamppfiles/htdocs/logbook/vendor/codeigniter4/framework/system/View/View.php(230): include('/Applications/X...')
#2 /Applications/XAMPP/xamppfiles/htdocs/logbook/vendor/codeigniter4/framework/system/View/View.php(232): CodeIgniter\View\View->CodeIgniter\View\{closure}()
#3 /Applications/XAMPP/xamppfiles/htdocs/logbook/vendor/codeigniter4/framework/system/Common.php(1271): CodeIgniter\View\View->render('admin/calender_...', Array, true)
#4 /Applications/XAMPP/xamppfiles/htdocs/logbook/app/Views/admin/layout/content.php(4): view('admin/calender_...')
#5 /Applications/XAMPP/xamppfiles/htdocs/logbook/app/Views/admin/layout/wrapper.php(11): require_once('/Applications/X...')
#6 /Applications/XAMPP/xamppfiles/htdocs/logbook/vendor/codeigniter4/framework/system/View/View.php(230): include('/Applications/X...')
#7 /Applications/XAMPP/xamppfiles/htdocs/logbook/vendor/codeigniter4/framework/system/View/View.php(232): CodeIgniter\View\View->CodeIgniter\View\{closure}()
#8 /Applications/XAMPP/xamppfiles/htdocs/logbook/vendor/codeigniter4/framework/system/Common.php(1271): CodeIgniter\View\View->render('admin/layout/wr...', Array, true)
#9 /Applications/XAMPP/xamppfiles/htdocs/logbook/app/Controllers/Admin/Calendar_event.php(155): view('admin/layout/wr...', Array)
#10 /Applications/XAMPP/xamppfiles/htdocs/logbook/vendor/codeigniter4/framework/system/CodeIgniter.php(872): App\Controllers\Admin\Calendar_event->list()
#11 /Applications/XAMPP/xamppfiles/htdocs/logbook/vendor/codeigniter4/framework/system/CodeIgniter.php(415): CodeIgniter\CodeIgniter->runController(Object(App\Controllers\Admin\Calendar_event))
#12 /Applications/XAMPP/xamppfiles/htdocs/logbook/vendor/codeigniter4/framework/system/CodeIgniter.php(325): CodeIgniter\CodeIgniter->handleRequest(NULL, Object(Config\Cache), false)
#13 /Applications/XAMPP/xamppfiles/htdocs/logbook/index.php(37): CodeIgniter\CodeIgniter->run()
#14 {main}
CRITICAL - 2021-08-17 08:01:44 --> Undefined property: CodeIgniter\View\View::$session
#0 /Applications/XAMPP/xamppfiles/htdocs/logbook/app/Views/admin/calender_event/list.php(15): CodeIgniter\Debug\Exceptions->errorHandler(8, 'Undefined prope...', '/Applications/X...', 15, Array)
#1 /Applications/XAMPP/xamppfiles/htdocs/logbook/vendor/codeigniter4/framework/system/View/View.php(230): include('/Applications/X...')
#2 /Applications/XAMPP/xamppfiles/htdocs/logbook/vendor/codeigniter4/framework/system/View/View.php(232): CodeIgniter\View\View->CodeIgniter\View\{closure}()
#3 /Applications/XAMPP/xamppfiles/htdocs/logbook/vendor/codeigniter4/framework/system/Common.php(1271): CodeIgniter\View\View->render('admin/calender_...', Array, true)
#4 /Applications/XAMPP/xamppfiles/htdocs/logbook/app/Views/admin/layout/content.php(4): view('admin/calender_...')
#5 /Applications/XAMPP/xamppfiles/htdocs/logbook/app/Views/admin/layout/wrapper.php(11): require_once('/Applications/X...')
#6 /Applications/XAMPP/xamppfiles/htdocs/logbook/vendor/codeigniter4/framework/system/View/View.php(230): include('/Applications/X...')
#7 /Applications/XAMPP/xamppfiles/htdocs/logbook/vendor/codeigniter4/framework/system/View/View.php(232): CodeIgniter\View\View->CodeIgniter\View\{closure}()
#8 /Applications/XAMPP/xamppfiles/htdocs/logbook/vendor/codeigniter4/framework/system/Common.php(1271): CodeIgniter\View\View->render('admin/layout/wr...', Array, true)
#9 /Applications/XAMPP/xamppfiles/htdocs/logbook/app/Controllers/Admin/Calendar_event.php(155): view('admin/layout/wr...', Array)
#10 /Applications/XAMPP/xamppfiles/htdocs/logbook/vendor/codeigniter4/framework/system/CodeIgniter.php(872): App\Controllers\Admin\Calendar_event->list()
#11 /Applications/XAMPP/xamppfiles/htdocs/logbook/vendor/codeigniter4/framework/system/CodeIgniter.php(415): CodeIgniter\CodeIgniter->runController(Object(App\Controllers\Admin\Calendar_event))
#12 /Applications/XAMPP/xamppfiles/htdocs/logbook/vendor/codeigniter4/framework/system/CodeIgniter.php(325): CodeIgniter\CodeIgniter->handleRequest(NULL, Object(Config\Cache), false)
#13 /Applications/XAMPP/xamppfiles/htdocs/logbook/index.php(37): CodeIgniter\CodeIgniter->run()
#14 {main}
CRITICAL - 2021-08-17 08:01:45 --> Undefined property: CodeIgniter\View\View::$session
#0 /Applications/XAMPP/xamppfiles/htdocs/logbook/app/Views/admin/calender_event/list.php(15): CodeIgniter\Debug\Exceptions->errorHandler(8, 'Undefined prope...', '/Applications/X...', 15, Array)
#1 /Applications/XAMPP/xamppfiles/htdocs/logbook/vendor/codeigniter4/framework/system/View/View.php(230): include('/Applications/X...')
#2 /Applications/XAMPP/xamppfiles/htdocs/logbook/vendor/codeigniter4/framework/system/View/View.php(232): CodeIgniter\View\View->CodeIgniter\View\{closure}()
#3 /Applications/XAMPP/xamppfiles/htdocs/logbook/vendor/codeigniter4/framework/system/Common.php(1271): CodeIgniter\View\View->render('admin/calender_...', Array, true)
#4 /Applications/XAMPP/xamppfiles/htdocs/logbook/app/Views/admin/layout/content.php(4): view('admin/calender_...')
#5 /Applications/XAMPP/xamppfiles/htdocs/logbook/app/Views/admin/layout/wrapper.php(11): require_once('/Applications/X...')
#6 /Applications/XAMPP/xamppfiles/htdocs/logbook/vendor/codeigniter4/framework/system/View/View.php(230): include('/Applications/X...')
#7 /Applications/XAMPP/xamppfiles/htdocs/logbook/vendor/codeigniter4/framework/system/View/View.php(232): CodeIgniter\View\View->CodeIgniter\View\{closure}()
#8 /Applications/XAMPP/xamppfiles/htdocs/logbook/vendor/codeigniter4/framework/system/Common.php(1271): CodeIgniter\View\View->render('admin/layout/wr...', Array, true)
#9 /Applications/XAMPP/xamppfiles/htdocs/logbook/app/Controllers/Admin/Calendar_event.php(155): view('admin/layout/wr...', Array)
#10 /Applications/XAMPP/xamppfiles/htdocs/logbook/vendor/codeigniter4/framework/system/CodeIgniter.php(872): App\Controllers\Admin\Calendar_event->list()
#11 /Applications/XAMPP/xamppfiles/htdocs/logbook/vendor/codeigniter4/framework/system/CodeIgniter.php(415): CodeIgniter\CodeIgniter->runController(Object(App\Controllers\Admin\Calendar_event))
#12 /Applications/XAMPP/xamppfiles/htdocs/logbook/vendor/codeigniter4/framework/system/CodeIgniter.php(325): CodeIgniter\CodeIgniter->handleRequest(NULL, Object(Config\Cache), false)
#13 /Applications/XAMPP/xamppfiles/htdocs/logbook/index.php(37): CodeIgniter\CodeIgniter->run()
#14 {main}
CRITICAL - 2021-08-17 08:02:27 --> Undefined property: CodeIgniter\View\View::$session
#0 /Applications/XAMPP/xamppfiles/htdocs/logbook/app/Views/admin/calender_event/list.php(16): CodeIgniter\Debug\Exceptions->errorHandler(8, 'Undefined prope...', '/Applications/X...', 16, Array)
#1 /Applications/XAMPP/xamppfiles/htdocs/logbook/vendor/codeigniter4/framework/system/View/View.php(230): include('/Applications/X...')
#2 /Applications/XAMPP/xamppfiles/htdocs/logbook/vendor/codeigniter4/framework/system/View/View.php(232): CodeIgniter\View\View->CodeIgniter\View\{closure}()
#3 /Applications/XAMPP/xamppfiles/htdocs/logbook/vendor/codeigniter4/framework/system/Common.php(1271): CodeIgniter\View\View->render('admin/calender_...', Array, true)
#4 /Applications/XAMPP/xamppfiles/htdocs/logbook/app/Views/admin/layout/content.php(4): view('admin/calender_...')
#5 /Applications/XAMPP/xamppfiles/htdocs/logbook/app/Views/admin/layout/wrapper.php(11): require_once('/Applications/X...')
#6 /Applications/XAMPP/xamppfiles/htdocs/logbook/vendor/codeigniter4/framework/system/View/View.php(230): include('/Applications/X...')
#7 /Applications/XAMPP/xamppfiles/htdocs/logbook/vendor/codeigniter4/framework/system/View/View.php(232): CodeIgniter\View\View->CodeIgniter\View\{closure}()
#8 /Applications/XAMPP/xamppfiles/htdocs/logbook/vendor/codeigniter4/framework/system/Common.php(1271): CodeIgniter\View\View->render('admin/layout/wr...', Array, true)
#9 /Applications/XAMPP/xamppfiles/htdocs/logbook/app/Controllers/Admin/Calendar_event.php(155): view('admin/layout/wr...', Array)
#10 /Applications/XAMPP/xamppfiles/htdocs/logbook/vendor/codeigniter4/framework/system/CodeIgniter.php(872): App\Controllers\Admin\Calendar_event->list()
#11 /Applications/XAMPP/xamppfiles/htdocs/logbook/vendor/codeigniter4/framework/system/CodeIgniter.php(415): CodeIgniter\CodeIgniter->runController(Object(App\Controllers\Admin\Calendar_event))
#12 /Applications/XAMPP/xamppfiles/htdocs/logbook/vendor/codeigniter4/framework/system/CodeIgniter.php(325): CodeIgniter\CodeIgniter->handleRequest(NULL, Object(Config\Cache), false)
#13 /Applications/XAMPP/xamppfiles/htdocs/logbook/index.php(37): CodeIgniter\CodeIgniter->run()
#14 {main}
CRITICAL - 2021-08-17 08:08:54 --> Undefined variable: akses_leve
#0 /Applications/XAMPP/xamppfiles/htdocs/logbook/app/Views/admin/calender_event/list.php(18): CodeIgniter\Debug\Exceptions->errorHandler(8, 'Undefined varia...', '/Applications/X...', 18, Array)
#1 /Applications/XAMPP/xamppfiles/htdocs/logbook/vendor/codeigniter4/framework/system/View/View.php(230): include('/Applications/X...')
#2 /Applications/XAMPP/xamppfiles/htdocs/logbook/vendor/codeigniter4/framework/system/View/View.php(232): CodeIgniter\View\View->CodeIgniter\View\{closure}()
#3 /Applications/XAMPP/xamppfiles/htdocs/logbook/vendor/codeigniter4/framework/system/Common.php(1271): CodeIgniter\View\View->render('admin/calender_...', Array, true)
#4 /Applications/XAMPP/xamppfiles/htdocs/logbook/app/Views/admin/layout/content.php(4): view('admin/calender_...')
#5 /Applications/XAMPP/xamppfiles/htdocs/logbook/app/Views/admin/layout/wrapper.php(11): require_once('/Applications/X...')
#6 /Applications/XAMPP/xamppfiles/htdocs/logbook/vendor/codeigniter4/framework/system/View/View.php(230): include('/Applications/X...')
#7 /Applications/XAMPP/xamppfiles/htdocs/logbook/vendor/codeigniter4/framework/system/View/View.php(232): CodeIgniter\View\View->CodeIgniter\View\{closure}()
#8 /Applications/XAMPP/xamppfiles/htdocs/logbook/vendor/codeigniter4/framework/system/Common.php(1271): CodeIgniter\View\View->render('admin/layout/wr...', Array, true)
#9 /Applications/XAMPP/xamppfiles/htdocs/logbook/app/Controllers/Admin/Calendar_event.php(155): view('admin/layout/wr...', Array)
#10 /Applications/XAMPP/xamppfiles/htdocs/logbook/vendor/codeigniter4/framework/system/CodeIgniter.php(872): App\Controllers\Admin\Calendar_event->list()
#11 /Applications/XAMPP/xamppfiles/htdocs/logbook/vendor/codeigniter4/framework/system/CodeIgniter.php(415): CodeIgniter\CodeIgniter->runController(Object(App\Controllers\Admin\Calendar_event))
#12 /Applications/XAMPP/xamppfiles/htdocs/logbook/vendor/codeigniter4/framework/system/CodeIgniter.php(325): CodeIgniter\CodeIgniter->handleRequest(NULL, Object(Config\Cache), false)
#13 /Applications/XAMPP/xamppfiles/htdocs/logbook/index.php(37): CodeIgniter\CodeIgniter->run()
#14 {main}
CRITICAL - 2021-08-17 08:11:15 --> Undefined variable: session
#0 /Applications/XAMPP/xamppfiles/htdocs/logbook/app/Views/admin/calender_event/list.php(16): CodeIgniter\Debug\Exceptions->errorHandler(8, 'Undefined varia...', '/Applications/X...', 16, Array)
#1 /Applications/XAMPP/xamppfiles/htdocs/logbook/vendor/codeigniter4/framework/system/View/View.php(230): include('/Applications/X...')
#2 /Applications/XAMPP/xamppfiles/htdocs/logbook/vendor/codeigniter4/framework/system/View/View.php(232): CodeIgniter\View\View->CodeIgniter\View\{closure}()
#3 /Applications/XAMPP/xamppfiles/htdocs/logbook/vendor/codeigniter4/framework/system/Common.php(1271): CodeIgniter\View\View->render('admin/calender_...', Array, true)
#4 /Applications/XAMPP/xamppfiles/htdocs/logbook/app/Views/admin/layout/content.php(4): view('admin/calender_...')
#5 /Applications/XAMPP/xamppfiles/htdocs/logbook/app/Views/admin/layout/wrapper.php(11): require_once('/Applications/X...')
#6 /Applications/XAMPP/xamppfiles/htdocs/logbook/vendor/codeigniter4/framework/system/View/View.php(230): include('/Applications/X...')
#7 /Applications/XAMPP/xamppfiles/htdocs/logbook/vendor/codeigniter4/framework/system/View/View.php(232): CodeIgniter\View\View->CodeIgniter\View\{closure}()
#8 /Applications/XAMPP/xamppfiles/htdocs/logbook/vendor/codeigniter4/framework/system/Common.php(1271): CodeIgniter\View\View->render('admin/layout/wr...', Array, true)
#9 /Applications/XAMPP/xamppfiles/htdocs/logbook/app/Controllers/Admin/Calendar_event.php(155): view('admin/layout/wr...', Array)
#10 /Applications/XAMPP/xamppfiles/htdocs/logbook/vendor/codeigniter4/framework/system/CodeIgniter.php(872): App\Controllers\Admin\Calendar_event->list()
#11 /Applications/XAMPP/xamppfiles/htdocs/logbook/vendor/codeigniter4/framework/system/CodeIgniter.php(415): CodeIgniter\CodeIgniter->runController(Object(App\Controllers\Admin\Calendar_event))
#12 /Applications/XAMPP/xamppfiles/htdocs/logbook/vendor/codeigniter4/framework/system/CodeIgniter.php(325): CodeIgniter\CodeIgniter->handleRequest(NULL, Object(Config\Cache), false)
#13 /Applications/XAMPP/xamppfiles/htdocs/logbook/index.php(37): CodeIgniter\CodeIgniter->run()
#14 {main}
CRITICAL - 2021-08-17 08:13:45 --> Undefined variable: session
#0 /Applications/XAMPP/xamppfiles/htdocs/logbook/app/Views/admin/calender_event/list.php(17): CodeIgniter\Debug\Exceptions->errorHandler(8, 'Undefined varia...', '/Applications/X...', 17, Array)
#1 /Applications/XAMPP/xamppfiles/htdocs/logbook/vendor/codeigniter4/framework/system/View/View.php(230): include('/Applications/X...')
#2 /Applications/XAMPP/xamppfiles/htdocs/logbook/vendor/codeigniter4/framework/system/View/View.php(232): CodeIgniter\View\View->CodeIgniter\View\{closure}()
#3 /Applications/XAMPP/xamppfiles/htdocs/logbook/vendor/codeigniter4/framework/system/Common.php(1271): CodeIgniter\View\View->render('admin/calender_...', Array, true)
#4 /Applications/XAMPP/xamppfiles/htdocs/logbook/app/Views/admin/layout/content.php(4): view('admin/calender_...')
#5 /Applications/XAMPP/xamppfiles/htdocs/logbook/app/Views/admin/layout/wrapper.php(11): require_once('/Applications/X...')
#6 /Applications/XAMPP/xamppfiles/htdocs/logbook/vendor/codeigniter4/framework/system/View/View.php(230): include('/Applications/X...')
#7 /Applications/XAMPP/xamppfiles/htdocs/logbook/vendor/codeigniter4/framework/system/View/View.php(232): CodeIgniter\View\View->CodeIgniter\View\{closure}()
#8 /Applications/XAMPP/xamppfiles/htdocs/logbook/vendor/codeigniter4/framework/system/Common.php(1271): CodeIgniter\View\View->render('admin/layout/wr...', Array, true)
#9 /Applications/XAMPP/xamppfiles/htdocs/logbook/app/Controllers/Admin/Calendar_event.php(155): view('admin/layout/wr...', Array)
#10 /Applications/XAMPP/xamppfiles/htdocs/logbook/vendor/codeigniter4/framework/system/CodeIgniter.php(872): App\Controllers\Admin\Calendar_event->list()
#11 /Applications/XAMPP/xamppfiles/htdocs/logbook/vendor/codeigniter4/framework/system/CodeIgniter.php(415): CodeIgniter\CodeIgniter->runController(Object(App\Controllers\Admin\Calendar_event))
#12 /Applications/XAMPP/xamppfiles/htdocs/logbook/vendor/codeigniter4/framework/system/CodeIgniter.php(325): CodeIgniter\CodeIgniter->handleRequest(NULL, Object(Config\Cache), false)
#13 /Applications/XAMPP/xamppfiles/htdocs/logbook/index.php(37): CodeIgniter\CodeIgniter->run()
#14 {main}
CRITICAL - 2021-08-17 08:13:46 --> Undefined variable: session
#0 /Applications/XAMPP/xamppfiles/htdocs/logbook/app/Views/admin/calender_event/list.php(17): CodeIgniter\Debug\Exceptions->errorHandler(8, 'Undefined varia...', '/Applications/X...', 17, Array)
#1 /Applications/XAMPP/xamppfiles/htdocs/logbook/vendor/codeigniter4/framework/system/View/View.php(230): include('/Applications/X...')
#2 /Applications/XAMPP/xamppfiles/htdocs/logbook/vendor/codeigniter4/framework/system/View/View.php(232): CodeIgniter\View\View->CodeIgniter\View\{closure}()
#3 /Applications/XAMPP/xamppfiles/htdocs/logbook/vendor/codeigniter4/framework/system/Common.php(1271): CodeIgniter\View\View->render('admin/calender_...', Array, true)
#4 /Applications/XAMPP/xamppfiles/htdocs/logbook/app/Views/admin/layout/content.php(4): view('admin/calender_...')
#5 /Applications/XAMPP/xamppfiles/htdocs/logbook/app/Views/admin/layout/wrapper.php(11): require_once('/Applications/X...')
#6 /Applications/XAMPP/xamppfiles/htdocs/logbook/vendor/codeigniter4/framework/system/View/View.php(230): include('/Applications/X...')
#7 /Applications/XAMPP/xamppfiles/htdocs/logbook/vendor/codeigniter4/framework/system/View/View.php(232): CodeIgniter\View\View->CodeIgniter\View\{closure}()
#8 /Applications/XAMPP/xamppfiles/htdocs/logbook/vendor/codeigniter4/framework/system/Common.php(1271): CodeIgniter\View\View->render('admin/layout/wr...', Array, true)
#9 /Applications/XAMPP/xamppfiles/htdocs/logbook/app/Controllers/Admin/Calendar_event.php(155): view('admin/layout/wr...', Array)
#10 /Applications/XAMPP/xamppfiles/htdocs/logbook/vendor/codeigniter4/framework/system/CodeIgniter.php(872): App\Controllers\Admin\Calendar_event->list()
#11 /Applications/XAMPP/xamppfiles/htdocs/logbook/vendor/codeigniter4/framework/system/CodeIgniter.php(415): CodeIgniter\CodeIgniter->runController(Object(App\Controllers\Admin\Calendar_event))
#12 /Applications/XAMPP/xamppfiles/htdocs/logbook/vendor/codeigniter4/framework/system/CodeIgniter.php(325): CodeIgniter\CodeIgniter->handleRequest(NULL, Object(Config\Cache), false)
#13 /Applications/XAMPP/xamppfiles/htdocs/logbook/index.php(37): CodeIgniter\CodeIgniter->run()
#14 {main}
CRITICAL - 2021-08-17 08:13:46 --> Undefined variable: session
#0 /Applications/XAMPP/xamppfiles/htdocs/logbook/app/Views/admin/calender_event/list.php(17): CodeIgniter\Debug\Exceptions->errorHandler(8, 'Undefined varia...', '/Applications/X...', 17, Array)
#1 /Applications/XAMPP/xamppfiles/htdocs/logbook/vendor/codeigniter4/framework/system/View/View.php(230): include('/Applications/X...')
#2 /Applications/XAMPP/xamppfiles/htdocs/logbook/vendor/codeigniter4/framework/system/View/View.php(232): CodeIgniter\View\View->CodeIgniter\View\{closure}()
#3 /Applications/XAMPP/xamppfiles/htdocs/logbook/vendor/codeigniter4/framework/system/Common.php(1271): CodeIgniter\View\View->render('admin/calender_...', Array, true)
#4 /Applications/XAMPP/xamppfiles/htdocs/logbook/app/Views/admin/layout/content.php(4): view('admin/calender_...')
#5 /Applications/XAMPP/xamppfiles/htdocs/logbook/app/Views/admin/layout/wrapper.php(11): require_once('/Applications/X...')
#6 /Applications/XAMPP/xamppfiles/htdocs/logbook/vendor/codeigniter4/framework/system/View/View.php(230): include('/Applications/X...')
#7 /Applications/XAMPP/xamppfiles/htdocs/logbook/vendor/codeigniter4/framework/system/View/View.php(232): CodeIgniter\View\View->CodeIgniter\View\{closure}()
#8 /Applications/XAMPP/xamppfiles/htdocs/logbook/vendor/codeigniter4/framework/system/Common.php(1271): CodeIgniter\View\View->render('admin/layout/wr...', Array, true)
#9 /Applications/XAMPP/xamppfiles/htdocs/logbook/app/Controllers/Admin/Calendar_event.php(155): view('admin/layout/wr...', Array)
#10 /Applications/XAMPP/xamppfiles/htdocs/logbook/vendor/codeigniter4/framework/system/CodeIgniter.php(872): App\Controllers\Admin\Calendar_event->list()
#11 /Applications/XAMPP/xamppfiles/htdocs/logbook/vendor/codeigniter4/framework/system/CodeIgniter.php(415): CodeIgniter\CodeIgniter->runController(Object(App\Controllers\Admin\Calendar_event))
#12 /Applications/XAMPP/xamppfiles/htdocs/logbook/vendor/codeigniter4/framework/system/CodeIgniter.php(325): CodeIgniter\CodeIgniter->handleRequest(NULL, Object(Config\Cache), false)
#13 /Applications/XAMPP/xamppfiles/htdocs/logbook/index.php(37): CodeIgniter\CodeIgniter->run()
#14 {main}
CRITICAL - 2021-08-17 08:13:47 --> Undefined variable: session
#0 /Applications/XAMPP/xamppfiles/htdocs/logbook/app/Views/admin/calender_event/list.php(17): CodeIgniter\Debug\Exceptions->errorHandler(8, 'Undefined varia...', '/Applications/X...', 17, Array)
#1 /Applications/XAMPP/xamppfiles/htdocs/logbook/vendor/codeigniter4/framework/system/View/View.php(230): include('/Applications/X...')
#2 /Applications/XAMPP/xamppfiles/htdocs/logbook/vendor/codeigniter4/framework/system/View/View.php(232): CodeIgniter\View\View->CodeIgniter\View\{closure}()
#3 /Applications/XAMPP/xamppfiles/htdocs/logbook/vendor/codeigniter4/framework/system/Common.php(1271): CodeIgniter\View\View->render('admin/calender_...', Array, true)
#4 /Applications/XAMPP/xamppfiles/htdocs/logbook/app/Views/admin/layout/content.php(4): view('admin/calender_...')
#5 /Applications/XAMPP/xamppfiles/htdocs/logbook/app/Views/admin/layout/wrapper.php(11): require_once('/Applications/X...')
#6 /Applications/XAMPP/xamppfiles/htdocs/logbook/vendor/codeigniter4/framework/system/View/View.php(230): include('/Applications/X...')
#7 /Applications/XAMPP/xamppfiles/htdocs/logbook/vendor/codeigniter4/framework/system/View/View.php(232): CodeIgniter\View\View->CodeIgniter\View\{closure}()
#8 /Applications/XAMPP/xamppfiles/htdocs/logbook/vendor/codeigniter4/framework/system/Common.php(1271): CodeIgniter\View\View->render('admin/layout/wr...', Array, true)
#9 /Applications/XAMPP/xamppfiles/htdocs/logbook/app/Controllers/Admin/Calendar_event.php(155): view('admin/layout/wr...', Array)
#10 /Applications/XAMPP/xamppfiles/htdocs/logbook/vendor/codeigniter4/framework/system/CodeIgniter.php(872): App\Controllers\Admin\Calendar_event->list()
#11 /Applications/XAMPP/xamppfiles/htdocs/logbook/vendor/codeigniter4/framework/system/CodeIgniter.php(415): CodeIgniter\CodeIgniter->runController(Object(App\Controllers\Admin\Calendar_event))
#12 /Applications/XAMPP/xamppfiles/htdocs/logbook/vendor/codeigniter4/framework/system/CodeIgniter.php(325): CodeIgniter\CodeIgniter->handleRequest(NULL, Object(Config\Cache), false)
#13 /Applications/XAMPP/xamppfiles/htdocs/logbook/index.php(37): CodeIgniter\CodeIgniter->run()
#14 {main}
CRITICAL - 2021-08-17 08:13:47 --> Undefined variable: session
#0 /Applications/XAMPP/xamppfiles/htdocs/logbook/app/Views/admin/calender_event/list.php(17): CodeIgniter\Debug\Exceptions->errorHandler(8, 'Undefined varia...', '/Applications/X...', 17, Array)
#1 /Applications/XAMPP/xamppfiles/htdocs/logbook/vendor/codeigniter4/framework/system/View/View.php(230): include('/Applications/X...')
#2 /Applications/XAMPP/xamppfiles/htdocs/logbook/vendor/codeigniter4/framework/system/View/View.php(232): CodeIgniter\View\View->CodeIgniter\View\{closure}()
#3 /Applications/XAMPP/xamppfiles/htdocs/logbook/vendor/codeigniter4/framework/system/Common.php(1271): CodeIgniter\View\View->render('admin/calender_...', Array, true)
#4 /Applications/XAMPP/xamppfiles/htdocs/logbook/app/Views/admin/layout/content.php(4): view('admin/calender_...')
#5 /Applications/XAMPP/xamppfiles/htdocs/logbook/app/Views/admin/layout/wrapper.php(11): require_once('/Applications/X...')
#6 /Applications/XAMPP/xamppfiles/htdocs/logbook/vendor/codeigniter4/framework/system/View/View.php(230): include('/Applications/X...')
#7 /Applications/XAMPP/xamppfiles/htdocs/logbook/vendor/codeigniter4/framework/system/View/View.php(232): CodeIgniter\View\View->CodeIgniter\View\{closure}()
#8 /Applications/XAMPP/xamppfiles/htdocs/logbook/vendor/codeigniter4/framework/system/Common.php(1271): CodeIgniter\View\View->render('admin/layout/wr...', Array, true)
#9 /Applications/XAMPP/xamppfiles/htdocs/logbook/app/Controllers/Admin/Calendar_event.php(155): view('admin/layout/wr...', Array)
#10 /Applications/XAMPP/xamppfiles/htdocs/logbook/vendor/codeigniter4/framework/system/CodeIgniter.php(872): App\Controllers\Admin\Calendar_event->list()
#11 /Applications/XAMPP/xamppfiles/htdocs/logbook/vendor/codeigniter4/framework/system/CodeIgniter.php(415): CodeIgniter\CodeIgniter->runController(Object(App\Controllers\Admin\Calendar_event))
#12 /Applications/XAMPP/xamppfiles/htdocs/logbook/vendor/codeigniter4/framework/system/CodeIgniter.php(325): CodeIgniter\CodeIgniter->handleRequest(NULL, Object(Config\Cache), false)
#13 /Applications/XAMPP/xamppfiles/htdocs/logbook/index.php(37): CodeIgniter\CodeIgniter->run()
#14 {main}
CRITICAL - 2021-08-17 08:13:47 --> Undefined variable: session
#0 /Applications/XAMPP/xamppfiles/htdocs/logbook/app/Views/admin/calender_event/list.php(17): CodeIgniter\Debug\Exceptions->errorHandler(8, 'Undefined varia...', '/Applications/X...', 17, Array)
#1 /Applications/XAMPP/xamppfiles/htdocs/logbook/vendor/codeigniter4/framework/system/View/View.php(230): include('/Applications/X...')
#2 /Applications/XAMPP/xamppfiles/htdocs/logbook/vendor/codeigniter4/framework/system/View/View.php(232): CodeIgniter\View\View->CodeIgniter\View\{closure}()
#3 /Applications/XAMPP/xamppfiles/htdocs/logbook/vendor/codeigniter4/framework/system/Common.php(1271): CodeIgniter\View\View->render('admin/calender_...', Array, true)
#4 /Applications/XAMPP/xamppfiles/htdocs/logbook/app/Views/admin/layout/content.php(4): view('admin/calender_...')
#5 /Applications/XAMPP/xamppfiles/htdocs/logbook/app/Views/admin/layout/wrapper.php(11): require_once('/Applications/X...')
#6 /Applications/XAMPP/xamppfiles/htdocs/logbook/vendor/codeigniter4/framework/system/View/View.php(230): include('/Applications/X...')
#7 /Applications/XAMPP/xamppfiles/htdocs/logbook/vendor/codeigniter4/framework/system/View/View.php(232): CodeIgniter\View\View->CodeIgniter\View\{closure}()
#8 /Applications/XAMPP/xamppfiles/htdocs/logbook/vendor/codeigniter4/framework/system/Common.php(1271): CodeIgniter\View\View->render('admin/layout/wr...', Array, true)
#9 /Applications/XAMPP/xamppfiles/htdocs/logbook/app/Controllers/Admin/Calendar_event.php(155): view('admin/layout/wr...', Array)
#10 /Applications/XAMPP/xamppfiles/htdocs/logbook/vendor/codeigniter4/framework/system/CodeIgniter.php(872): App\Controllers\Admin\Calendar_event->list()
#11 /Applications/XAMPP/xamppfiles/htdocs/logbook/vendor/codeigniter4/framework/system/CodeIgniter.php(415): CodeIgniter\CodeIgniter->runController(Object(App\Controllers\Admin\Calendar_event))
#12 /Applications/XAMPP/xamppfiles/htdocs/logbook/vendor/codeigniter4/framework/system/CodeIgniter.php(325): CodeIgniter\CodeIgniter->handleRequest(NULL, Object(Config\Cache), false)
#13 /Applications/XAMPP/xamppfiles/htdocs/logbook/index.php(37): CodeIgniter\CodeIgniter->run()
#14 {main}
CRITICAL - 2021-08-17 08:14:12 --> Undefined variable: session
#0 /Applications/XAMPP/xamppfiles/htdocs/logbook/app/Views/admin/calender_event/list.php(17): CodeIgniter\Debug\Exceptions->errorHandler(8, 'Undefined varia...', '/Applications/X...', 17, Array)
#1 /Applications/XAMPP/xamppfiles/htdocs/logbook/vendor/codeigniter4/framework/system/View/View.php(230): include('/Applications/X...')
#2 /Applications/XAMPP/xamppfiles/htdocs/logbook/vendor/codeigniter4/framework/system/View/View.php(232): CodeIgniter\View\View->CodeIgniter\View\{closure}()
#3 /Applications/XAMPP/xamppfiles/htdocs/logbook/vendor/codeigniter4/framework/system/Common.php(1271): CodeIgniter\View\View->render('admin/calender_...', Array, true)
#4 /Applications/XAMPP/xamppfiles/htdocs/logbook/app/Views/admin/layout/content.php(4): view('admin/calender_...')
#5 /Applications/XAMPP/xamppfiles/htdocs/logbook/app/Views/admin/layout/wrapper.php(11): require_once('/Applications/X...')
#6 /Applications/XAMPP/xamppfiles/htdocs/logbook/vendor/codeigniter4/framework/system/View/View.php(230): include('/Applications/X...')
#7 /Applications/XAMPP/xamppfiles/htdocs/logbook/vendor/codeigniter4/framework/system/View/View.php(232): CodeIgniter\View\View->CodeIgniter\View\{closure}()
#8 /Applications/XAMPP/xamppfiles/htdocs/logbook/vendor/codeigniter4/framework/system/Common.php(1271): CodeIgniter\View\View->render('admin/layout/wr...', Array, true)
#9 /Applications/XAMPP/xamppfiles/htdocs/logbook/app/Controllers/Admin/Calendar_event.php(155): view('admin/layout/wr...', Array)
#10 /Applications/XAMPP/xamppfiles/htdocs/logbook/vendor/codeigniter4/framework/system/CodeIgniter.php(872): App\Controllers\Admin\Calendar_event->list()
#11 /Applications/XAMPP/xamppfiles/htdocs/logbook/vendor/codeigniter4/framework/system/CodeIgniter.php(415): CodeIgniter\CodeIgniter->runController(Object(App\Controllers\Admin\Calendar_event))
#12 /Applications/XAMPP/xamppfiles/htdocs/logbook/vendor/codeigniter4/framework/system/CodeIgniter.php(325): CodeIgniter\CodeIgniter->handleRequest(NULL, Object(Config\Cache), false)
#13 /Applications/XAMPP/xamppfiles/htdocs/logbook/index.php(37): CodeIgniter\CodeIgniter->run()
#14 {main}
CRITICAL - 2021-08-17 08:14:13 --> Undefined variable: session
#0 /Applications/XAMPP/xamppfiles/htdocs/logbook/app/Views/admin/calender_event/list.php(17): CodeIgniter\Debug\Exceptions->errorHandler(8, 'Undefined varia...', '/Applications/X...', 17, Array)
#1 /Applications/XAMPP/xamppfiles/htdocs/logbook/vendor/codeigniter4/framework/system/View/View.php(230): include('/Applications/X...')
#2 /Applications/XAMPP/xamppfiles/htdocs/logbook/vendor/codeigniter4/framework/system/View/View.php(232): CodeIgniter\View\View->CodeIgniter\View\{closure}()
#3 /Applications/XAMPP/xamppfiles/htdocs/logbook/vendor/codeigniter4/framework/system/Common.php(1271): CodeIgniter\View\View->render('admin/calender_...', Array, true)
#4 /Applications/XAMPP/xamppfiles/htdocs/logbook/app/Views/admin/layout/content.php(4): view('admin/calender_...')
#5 /Applications/XAMPP/xamppfiles/htdocs/logbook/app/Views/admin/layout/wrapper.php(11): require_once('/Applications/X...')
#6 /Applications/XAMPP/xamppfiles/htdocs/logbook/vendor/codeigniter4/framework/system/View/View.php(230): include('/Applications/X...')
#7 /Applications/XAMPP/xamppfiles/htdocs/logbook/vendor/codeigniter4/framework/system/View/View.php(232): CodeIgniter\View\View->CodeIgniter\View\{closure}()
#8 /Applications/XAMPP/xamppfiles/htdocs/logbook/vendor/codeigniter4/framework/system/Common.php(1271): CodeIgniter\View\View->render('admin/layout/wr...', Array, true)
#9 /Applications/XAMPP/xamppfiles/htdocs/logbook/app/Controllers/Admin/Calendar_event.php(155): view('admin/layout/wr...', Array)
#10 /Applications/XAMPP/xamppfiles/htdocs/logbook/vendor/codeigniter4/framework/system/CodeIgniter.php(872): App\Controllers\Admin\Calendar_event->list()
#11 /Applications/XAMPP/xamppfiles/htdocs/logbook/vendor/codeigniter4/framework/system/CodeIgniter.php(415): CodeIgniter\CodeIgniter->runController(Object(App\Controllers\Admin\Calendar_event))
#12 /Applications/XAMPP/xamppfiles/htdocs/logbook/vendor/codeigniter4/framework/system/CodeIgniter.php(325): CodeIgniter\CodeIgniter->handleRequest(NULL, Object(Config\Cache), false)
#13 /Applications/XAMPP/xamppfiles/htdocs/logbook/index.php(37): CodeIgniter\CodeIgniter->run()
#14 {main}
CRITICAL - 2021-08-17 08:14:35 --> Undefined variable: session
#0 /Applications/XAMPP/xamppfiles/htdocs/logbook/app/Views/admin/calender_event/list.php(17): CodeIgniter\Debug\Exceptions->errorHandler(8, 'Undefined varia...', '/Applications/X...', 17, Array)
#1 /Applications/XAMPP/xamppfiles/htdocs/logbook/vendor/codeigniter4/framework/system/View/View.php(230): include('/Applications/X...')
#2 /Applications/XAMPP/xamppfiles/htdocs/logbook/vendor/codeigniter4/framework/system/View/View.php(232): CodeIgniter\View\View->CodeIgniter\View\{closure}()
#3 /Applications/XAMPP/xamppfiles/htdocs/logbook/vendor/codeigniter4/framework/system/Common.php(1271): CodeIgniter\View\View->render('admin/calender_...', Array, true)
#4 /Applications/XAMPP/xamppfiles/htdocs/logbook/app/Views/admin/layout/content.php(5): view('admin/calender_...')
#5 /Applications/XAMPP/xamppfiles/htdocs/logbook/app/Views/admin/layout/wrapper.php(11): require_once('/Applications/X...')
#6 /Applications/XAMPP/xamppfiles/htdocs/logbook/vendor/codeigniter4/framework/system/View/View.php(230): include('/Applications/X...')
#7 /Applications/XAMPP/xamppfiles/htdocs/logbook/vendor/codeigniter4/framework/system/View/View.php(232): CodeIgniter\View\View->CodeIgniter\View\{closure}()
#8 /Applications/XAMPP/xamppfiles/htdocs/logbook/vendor/codeigniter4/framework/system/Common.php(1271): CodeIgniter\View\View->render('admin/layout/wr...', Array, true)
#9 /Applications/XAMPP/xamppfiles/htdocs/logbook/app/Controllers/Admin/Calendar_event.php(155): view('admin/layout/wr...', Array)
#10 /Applications/XAMPP/xamppfiles/htdocs/logbook/vendor/codeigniter4/framework/system/CodeIgniter.php(872): App\Controllers\Admin\Calendar_event->list()
#11 /Applications/XAMPP/xamppfiles/htdocs/logbook/vendor/codeigniter4/framework/system/CodeIgniter.php(415): CodeIgniter\CodeIgniter->runController(Object(App\Controllers\Admin\Calendar_event))
#12 /Applications/XAMPP/xamppfiles/htdocs/logbook/vendor/codeigniter4/framework/system/CodeIgniter.php(325): CodeIgniter\CodeIgniter->handleRequest(NULL, Object(Config\Cache), false)
#13 /Applications/XAMPP/xamppfiles/htdocs/logbook/index.php(37): CodeIgniter\CodeIgniter->run()
#14 {main}
CRITICAL - 2021-08-17 08:14:36 --> Undefined variable: session
#0 /Applications/XAMPP/xamppfiles/htdocs/logbook/app/Views/admin/calender_event/list.php(17): CodeIgniter\Debug\Exceptions->errorHandler(8, 'Undefined varia...', '/Applications/X...', 17, Array)
#1 /Applications/XAMPP/xamppfiles/htdocs/logbook/vendor/codeigniter4/framework/system/View/View.php(230): include('/Applications/X...')
#2 /Applications/XAMPP/xamppfiles/htdocs/logbook/vendor/codeigniter4/framework/system/View/View.php(232): CodeIgniter\View\View->CodeIgniter\View\{closure}()
#3 /Applications/XAMPP/xamppfiles/htdocs/logbook/vendor/codeigniter4/framework/system/Common.php(1271): CodeIgniter\View\View->render('admin/calender_...', Array, true)
#4 /Applications/XAMPP/xamppfiles/htdocs/logbook/app/Views/admin/layout/content.php(5): view('admin/calender_...')
#5 /Applications/XAMPP/xamppfiles/htdocs/logbook/app/Views/admin/layout/wrapper.php(11): require_once('/Applications/X...')
#6 /Applications/XAMPP/xamppfiles/htdocs/logbook/vendor/codeigniter4/framework/system/View/View.php(230): include('/Applications/X...')
#7 /Applications/XAMPP/xamppfiles/htdocs/logbook/vendor/codeigniter4/framework/system/View/View.php(232): CodeIgniter\View\View->CodeIgniter\View\{closure}()
#8 /Applications/XAMPP/xamppfiles/htdocs/logbook/vendor/codeigniter4/framework/system/Common.php(1271): CodeIgniter\View\View->render('admin/layout/wr...', Array, true)
#9 /Applications/XAMPP/xamppfiles/htdocs/logbook/app/Controllers/Admin/Calendar_event.php(155): view('admin/layout/wr...', Array)
#10 /Applications/XAMPP/xamppfiles/htdocs/logbook/vendor/codeigniter4/framework/system/CodeIgniter.php(872): App\Controllers\Admin\Calendar_event->list()
#11 /Applications/XAMPP/xamppfiles/htdocs/logbook/vendor/codeigniter4/framework/system/CodeIgniter.php(415): CodeIgniter\CodeIgniter->runController(Object(App\Controllers\Admin\Calendar_event))
#12 /Applications/XAMPP/xamppfiles/htdocs/logbook/vendor/codeigniter4/framework/system/CodeIgniter.php(325): CodeIgniter\CodeIgniter->handleRequest(NULL, Object(Config\Cache), false)
#13 /Applications/XAMPP/xamppfiles/htdocs/logbook/index.php(37): CodeIgniter\CodeIgniter->run()
#14 {main}
CRITICAL - 2021-08-17 20:20:45 --> File not found: {0}
#0 /Applications/XAMPP/xamppfiles/htdocs/logbook/vendor/codeigniter4/framework/system/Files/File.php(51): CodeIgniter\Files\Exceptions\FileNotFoundException::forFileNotFound('../assets/uploa...')
#1 /Applications/XAMPP/xamppfiles/htdocs/logbook/vendor/codeigniter4/framework/system/HTTP/DownloadResponse.php(116): CodeIgniter\Files\File->__construct('../assets/uploa...', true)
#2 /Applications/XAMPP/xamppfiles/htdocs/logbook/vendor/codeigniter4/framework/system/HTTP/ResponseTrait.php(786): CodeIgniter\HTTP\DownloadResponse->setFilePath('../assets/uploa...')
#3 /Applications/XAMPP/xamppfiles/htdocs/logbook/app/Controllers/Admin/Download.php(152): CodeIgniter\HTTP\Response->download('RENCANA-JADWAL-...', NULL)
#4 /Applications/XAMPP/xamppfiles/htdocs/logbook/vendor/codeigniter4/framework/system/CodeIgniter.php(872): App\Controllers\Admin\Download->unduh('8')
#5 /Applications/XAMPP/xamppfiles/htdocs/logbook/vendor/codeigniter4/framework/system/CodeIgniter.php(415): CodeIgniter\CodeIgniter->runController(Object(App\Controllers\Admin\Download))
#6 /Applications/XAMPP/xamppfiles/htdocs/logbook/vendor/codeigniter4/framework/system/CodeIgniter.php(325): CodeIgniter\CodeIgniter->handleRequest(NULL, Object(Config\Cache), false)
#7 /Applications/XAMPP/xamppfiles/htdocs/logbook/index.php(37): CodeIgniter\CodeIgniter->run()
#8 {main}
CRITICAL - 2021-08-17 20:40:03 --> Undefined variable: download
#0 /Applications/XAMPP/xamppfiles/htdocs/logbook/app/Controllers/Admin/File_download.php(20): CodeIgniter\Debug\Exceptions->errorHandler(8, 'Undefined varia...', '/Applications/X...', 20, Array)
#1 /Applications/XAMPP/xamppfiles/htdocs/logbook/vendor/codeigniter4/framework/system/CodeIgniter.php(872): App\Controllers\Admin\File_download->index()
#2 /Applications/XAMPP/xamppfiles/htdocs/logbook/vendor/codeigniter4/framework/system/CodeIgniter.php(415): CodeIgniter\CodeIgniter->runController(Object(App\Controllers\Admin\File_download))
#3 /Applications/XAMPP/xamppfiles/htdocs/logbook/vendor/codeigniter4/framework/system/CodeIgniter.php(325): CodeIgniter\CodeIgniter->handleRequest(NULL, Object(Config\Cache), false)
#4 /Applications/XAMPP/xamppfiles/htdocs/logbook/index.php(37): CodeIgniter\CodeIgniter->run()
#5 {main}
CRITICAL - 2021-08-17 22:59:25 --> Undefined variable: kategori_download
#0 /Applications/XAMPP/xamppfiles/htdocs/logbook/app/Views/admin/file_download/tambah.php(24): CodeIgniter\Debug\Exceptions->errorHandler(8, 'Undefined varia...', '/Applications/X...', 24, Array)
#1 /Applications/XAMPP/xamppfiles/htdocs/logbook/vendor/codeigniter4/framework/system/View/View.php(230): include('/Applications/X...')
#2 /Applications/XAMPP/xamppfiles/htdocs/logbook/vendor/codeigniter4/framework/system/View/View.php(232): CodeIgniter\View\View->CodeIgniter\View\{closure}()
#3 /Applications/XAMPP/xamppfiles/htdocs/logbook/vendor/codeigniter4/framework/system/Common.php(1271): CodeIgniter\View\View->render('admin/file_down...', Array, true)
#4 /Applications/XAMPP/xamppfiles/htdocs/logbook/app/Views/admin/layout/content.php(4): view('admin/file_down...')
#5 /Applications/XAMPP/xamppfiles/htdocs/logbook/app/Views/admin/layout/wrapper.php(11): require_once('/Applications/X...')
#6 /Applications/XAMPP/xamppfiles/htdocs/logbook/vendor/codeigniter4/framework/system/View/View.php(230): include('/Applications/X...')
#7 /Applications/XAMPP/xamppfiles/htdocs/logbook/vendor/codeigniter4/framework/system/View/View.php(232): CodeIgniter\View\View->CodeIgniter\View\{closure}()
#8 /Applications/XAMPP/xamppfiles/htdocs/logbook/vendor/codeigniter4/framework/system/Common.php(1271): CodeIgniter\View\View->render('admin/layout/wr...', Array, true)
#9 /Applications/XAMPP/xamppfiles/htdocs/logbook/app/Controllers/Admin/File_download.php(95): view('admin/layout/wr...', Array)
#10 /Applications/XAMPP/xamppfiles/htdocs/logbook/vendor/codeigniter4/framework/system/CodeIgniter.php(872): App\Controllers\Admin\File_download->tambah()
#11 /Applications/XAMPP/xamppfiles/htdocs/logbook/vendor/codeigniter4/framework/system/CodeIgniter.php(415): CodeIgniter\CodeIgniter->runController(Object(App\Controllers\Admin\File_download))
#12 /Applications/XAMPP/xamppfiles/htdocs/logbook/vendor/codeigniter4/framework/system/CodeIgniter.php(325): CodeIgniter\CodeIgniter->handleRequest(NULL, Object(Config\Cache), false)
#13 /Applications/XAMPP/xamppfiles/htdocs/logbook/index.php(37): CodeIgniter\CodeIgniter->run()
#14 {main}
CRITICAL - 2021-08-17 22:59:51 --> Undefined variable: user
#0 /Applications/XAMPP/xamppfiles/htdocs/logbook/app/Views/admin/file_download/tambah.php(24): CodeIgniter\Debug\Exceptions->errorHandler(8, 'Undefined varia...', '/Applications/X...', 24, Array)
#1 /Applications/XAMPP/xamppfiles/htdocs/logbook/vendor/codeigniter4/framework/system/View/View.php(230): include('/Applications/X...')
#2 /Applications/XAMPP/xamppfiles/htdocs/logbook/vendor/codeigniter4/framework/system/View/View.php(232): CodeIgniter\View\View->CodeIgniter\View\{closure}()
#3 /Applications/XAMPP/xamppfiles/htdocs/logbook/vendor/codeigniter4/framework/system/Common.php(1271): CodeIgniter\View\View->render('admin/file_down...', Array, true)
#4 /Applications/XAMPP/xamppfiles/htdocs/logbook/app/Views/admin/layout/content.php(4): view('admin/file_down...')
#5 /Applications/XAMPP/xamppfiles/htdocs/logbook/app/Views/admin/layout/wrapper.php(11): require_once('/Applications/X...')
#6 /Applications/XAMPP/xamppfiles/htdocs/logbook/vendor/codeigniter4/framework/system/View/View.php(230): include('/Applications/X...')
#7 /Applications/XAMPP/xamppfiles/htdocs/logbook/vendor/codeigniter4/framework/system/View/View.php(232): CodeIgniter\View\View->CodeIgniter\View\{closure}()
#8 /Applications/XAMPP/xamppfiles/htdocs/logbook/vendor/codeigniter4/framework/system/Common.php(1271): CodeIgniter\View\View->render('admin/layout/wr...', Array, true)
#9 /Applications/XAMPP/xamppfiles/htdocs/logbook/app/Controllers/Admin/File_download.php(95): view('admin/layout/wr...', Array)
#10 /Applications/XAMPP/xamppfiles/htdocs/logbook/vendor/codeigniter4/framework/system/CodeIgniter.php(872): App\Controllers\Admin\File_download->tambah()
#11 /Applications/XAMPP/xamppfiles/htdocs/logbook/vendor/codeigniter4/framework/system/CodeIgniter.php(415): CodeIgniter\CodeIgniter->runController(Object(App\Controllers\Admin\File_download))
#12 /Applications/XAMPP/xamppfiles/htdocs/logbook/vendor/codeigniter4/framework/system/CodeIgniter.php(325): CodeIgniter\CodeIgniter->handleRequest(NULL, Object(Config\Cache), false)
#13 /Applications/XAMPP/xamppfiles/htdocs/logbook/index.php(37): CodeIgniter\CodeIgniter->run()
#14 {main}
ERROR - 2021-08-17 23:27:40 --> Unknown column 'title' in 'field list'
CRITICAL - 2021-08-17 23:27:40 --> Unknown column 'title' in 'field list'
#0 /Applications/XAMPP/xamppfiles/htdocs/logbook/vendor/codeigniter4/framework/system/Database/MySQLi/Connection.php(329): mysqli->query('INSERT INTO `do...')
#1 /Applications/XAMPP/xamppfiles/htdocs/logbook/vendor/codeigniter4/framework/system/Database/BaseConnection.php(732): CodeIgniter\Database\MySQLi\Connection->execute('INSERT INTO `do...')
#2 /Applications/XAMPP/xamppfiles/htdocs/logbook/vendor/codeigniter4/framework/system/Database/BaseConnection.php(647): CodeIgniter\Database\BaseConnection->simpleQuery('INSERT INTO `do...')
#3 /Applications/XAMPP/xamppfiles/htdocs/logbook/vendor/codeigniter4/framework/system/Database/BaseBuilder.php(2277): CodeIgniter\Database\BaseConnection->query('INSERT INTO `do...', Array, false)
#4 /Applications/XAMPP/xamppfiles/htdocs/logbook/app/Models/Download_model.php(63): CodeIgniter\Database\BaseBuilder->insert(Array)
#5 /Applications/XAMPP/xamppfiles/htdocs/logbook/app/Controllers/Admin/File_download.php(87): App\Models\Download_model->tambah(Array)
#6 /Applications/XAMPP/xamppfiles/htdocs/logbook/vendor/codeigniter4/framework/system/CodeIgniter.php(872): App\Controllers\Admin\File_download->tambah()
#7 /Applications/XAMPP/xamppfiles/htdocs/logbook/vendor/codeigniter4/framework/system/CodeIgniter.php(415): CodeIgniter\CodeIgniter->runController(Object(App\Controllers\Admin\File_download))
#8 /Applications/XAMPP/xamppfiles/htdocs/logbook/vendor/codeigniter4/framework/system/CodeIgniter.php(325): CodeIgniter\CodeIgniter->handleRequest(NULL, Object(Config\Cache), false)
#9 /Applications/XAMPP/xamppfiles/htdocs/logbook/index.php(37): CodeIgniter\CodeIgniter->run()
#10 {main}
CRITICAL - 2021-08-17 23:32:28 --> File not found: {0}
#0 /Applications/XAMPP/xamppfiles/htdocs/logbook/vendor/codeigniter4/framework/system/Files/File.php(51): CodeIgniter\Files\Exceptions\FileNotFoundException::forFileNotFound('../assets/uploa...')
#1 /Applications/XAMPP/xamppfiles/htdocs/logbook/vendor/codeigniter4/framework/system/HTTP/DownloadResponse.php(116): CodeIgniter\Files\File->__construct('../assets/uploa...', true)
#2 /Applications/XAMPP/xamppfiles/htdocs/logbook/vendor/codeigniter4/framework/system/HTTP/ResponseTrait.php(786): CodeIgniter\HTTP\DownloadResponse->setFilePath('../assets/uploa...')
#3 /Applications/XAMPP/xamppfiles/htdocs/logbook/app/Controllers/Admin/File_download.php(164): CodeIgniter\HTTP\Response->download('', NULL)
#4 /Applications/XAMPP/xamppfiles/htdocs/logbook/vendor/codeigniter4/framework/system/CodeIgniter.php(872): App\Controllers\Admin\File_download->unduh('1')
#5 /Applications/XAMPP/xamppfiles/htdocs/logbook/vendor/codeigniter4/framework/system/CodeIgniter.php(415): CodeIgniter\CodeIgniter->runController(Object(App\Controllers\Admin\File_download))
#6 /Applications/XAMPP/xamppfiles/htdocs/logbook/vendor/codeigniter4/framework/system/CodeIgniter.php(325): CodeIgniter\CodeIgniter->handleRequest(NULL, Object(Config\Cache), false)
#7 /Applications/XAMPP/xamppfiles/htdocs/logbook/index.php(37): CodeIgniter\CodeIgniter->run()
#8 {main}
ERROR - 2021-08-17 23:35:07 --> Unknown column 'download.id_user' in 'on clause'
CRITICAL - 2021-08-17 23:35:07 --> Unknown column 'download.id_user' in 'on clause'
#0 /Applications/XAMPP/xamppfiles/htdocs/logbook/vendor/codeigniter4/framework/system/Database/MySQLi/Connection.php(329): mysqli->query('SELECT `file_do...')
#1 /Applications/XAMPP/xamppfiles/htdocs/logbook/vendor/codeigniter4/framework/system/Database/BaseConnection.php(732): CodeIgniter\Database\MySQLi\Connection->execute('SELECT `file_do...')
#2 /Applications/XAMPP/xamppfiles/htdocs/logbook/vendor/codeigniter4/framework/system/Database/BaseConnection.php(647): CodeIgniter\Database\BaseConnection->simpleQuery('SELECT `file_do...')
#3 /Applications/XAMPP/xamppfiles/htdocs/logbook/vendor/codeigniter4/framework/system/Database/BaseBuilder.php(1881): CodeIgniter\Database\BaseConnection->query('SELECT `file_do...', Array, false)
#4 /Applications/XAMPP/xamppfiles/htdocs/logbook/app/Models/File_download_model.php(53): CodeIgniter\Database\BaseBuilder->get()
#5 /Applications/XAMPP/xamppfiles/htdocs/logbook/app/Controllers/Admin/File_download.php(161): App\Models\File_download_model->detail('1')
#6 /Applications/XAMPP/xamppfiles/htdocs/logbook/vendor/codeigniter4/framework/system/CodeIgniter.php(872): App\Controllers\Admin\File_download->unduh('1')
#7 /Applications/XAMPP/xamppfiles/htdocs/logbook/vendor/codeigniter4/framework/system/CodeIgniter.php(415): CodeIgniter\CodeIgniter->runController(Object(App\Controllers\Admin\File_download))
#8 /Applications/XAMPP/xamppfiles/htdocs/logbook/vendor/codeigniter4/framework/system/CodeIgniter.php(325): CodeIgniter\CodeIgniter->handleRequest(NULL, Object(Config\Cache), false)
#9 /Applications/XAMPP/xamppfiles/htdocs/logbook/index.php(37): CodeIgniter\CodeIgniter->run()
#10 {main}
